{"/home/matius/Escritorio/A-C-Soluciones-M-C/Backend/src/controllers/administrador.controller.js": {"path":"/home/matius/Escritorio/A-C-Soluciones-M-C/Backend/src/controllers/administrador.controller.js","statementMap":{"0":{"start":{"line":7,"column":4},"end":{"line":7,"column":43}},"1":{"start":{"line":9,"column":15},"end":{"line":41,"column":3}},"2":{"start":{"line":10,"column":4},"end":{"line":40,"column":5}},"3":{"start":{"line":11,"column":52},"end":{"line":11,"column":60}},"4":{"start":{"line":12,"column":29},"end":{"line":13,"column":73}},"5":{"start":{"line":14,"column":6},"end":{"line":18,"column":7}},"6":{"start":{"line":15,"column":8},"end":{"line":17,"column":11}},"7":{"start":{"line":19,"column":25},"end":{"line":19,"column":69}},"8":{"start":{"line":20,"column":6},"end":{"line":23,"column":9}},"9":{"start":{"line":25,"column":6},"end":{"line":25,"column":51}},"10":{"start":{"line":26,"column":6},"end":{"line":35,"column":7}},"11":{"start":{"line":27,"column":28},"end":{"line":27,"column":30}},"12":{"start":{"line":28,"column":8},"end":{"line":32,"column":9}},"13":{"start":{"line":29,"column":10},"end":{"line":31,"column":11}},"14":{"start":{"line":30,"column":12},"end":{"line":30,"column":48}},"15":{"start":{"line":34,"column":8},"end":{"line":34,"column":61}},"16":{"start":{"line":36,"column":6},"end":{"line":39,"column":9}},"17":{"start":{"line":42,"column":22},"end":{"line":60,"column":3}},"18":{"start":{"line":43,"column":4},"end":{"line":59,"column":5}},"19":{"start":{"line":44,"column":20},"end":{"line":44,"column":76}},"20":{"start":{"line":46,"column":6},"end":{"line":50,"column":7}},"21":{"start":{"line":47,"column":8},"end":{"line":49,"column":11}},"22":{"start":{"line":51,"column":31},"end":{"line":51,"column":73}},"23":{"start":{"line":52,"column":6},"end":{"line":52,"column":52}},"24":{"start":{"line":54,"column":6},"end":{"line":54,"column":58}},"25":{"start":{"line":55,"column":6},"end":{"line":58,"column":9}},"26":{"start":{"line":61,"column":26},"end":{"line":72,"column":3}},"27":{"start":{"line":62,"column":4},"end":{"line":71,"column":5}},"28":{"start":{"line":63,"column":20},"end":{"line":63,"column":91}},"29":{"start":{"line":64,"column":6},"end":{"line":66,"column":7}},"30":{"start":{"line":65,"column":8},"end":{"line":65,"column":80}},"31":{"start":{"line":67,"column":6},"end":{"line":67,"column":45}},"32":{"start":{"line":69,"column":6},"end":{"line":69,"column":27}},"33":{"start":{"line":70,"column":6},"end":{"line":70,"column":84}},"34":{"start":{"line":73,"column":26},"end":{"line":88,"column":3}},"35":{"start":{"line":74,"column":4},"end":{"line":87,"column":5}},"36":{"start":{"line":75,"column":20},"end":{"line":75,"column":96}},"37":{"start":{"line":76,"column":6},"end":{"line":78,"column":7}},"38":{"start":{"line":77,"column":8},"end":{"line":77,"column":80}},"39":{"start":{"line":79,"column":31},"end":{"line":79,"column":73}},"40":{"start":{"line":80,"column":6},"end":{"line":80,"column":52}},"41":{"start":{"line":82,"column":6},"end":{"line":82,"column":62}},"42":{"start":{"line":83,"column":6},"end":{"line":86,"column":9}},"43":{"start":{"line":89,"column":18},"end":{"line":105,"column":3}},"44":{"start":{"line":90,"column":4},"end":{"line":104,"column":5}},"45":{"start":{"line":91,"column":21},"end":{"line":91,"column":60}},"46":{"start":{"line":92,"column":32},"end":{"line":96,"column":8}},"47":{"start":{"line":93,"column":26},"end":{"line":93,"column":37}},"48":{"start":{"line":94,"column":8},"end":{"line":94,"column":37}},"49":{"start":{"line":95,"column":8},"end":{"line":95,"column":25}},"50":{"start":{"line":97,"column":6},"end":{"line":97,"column":53}},"51":{"start":{"line":99,"column":6},"end":{"line":99,"column":54}},"52":{"start":{"line":100,"column":6},"end":{"line":103,"column":9}},"53":{"start":{"line":106,"column":20},"end":{"line":137,"column":3}},"54":{"start":{"line":107,"column":4},"end":{"line":136,"column":5}},"55":{"start":{"line":108,"column":31},"end":{"line":111,"column":7}},"56":{"start":{"line":112,"column":6},"end":{"line":114,"column":7}},"57":{"start":{"line":113,"column":8},"end":{"line":113,"column":80}},"58":{"start":{"line":115,"column":31},"end":{"line":115,"column":84}},"59":{"start":{"line":116,"column":6},"end":{"line":119,"column":9}},"60":{"start":{"line":121,"column":6},"end":{"line":121,"column":56}},"61":{"start":{"line":122,"column":6},"end":{"line":131,"column":7}},"62":{"start":{"line":123,"column":28},"end":{"line":123,"column":30}},"63":{"start":{"line":124,"column":8},"end":{"line":128,"column":9}},"64":{"start":{"line":125,"column":10},"end":{"line":127,"column":11}},"65":{"start":{"line":126,"column":12},"end":{"line":126,"column":48}},"66":{"start":{"line":130,"column":8},"end":{"line":130,"column":61}},"67":{"start":{"line":132,"column":6},"end":{"line":135,"column":9}},"68":{"start":{"line":138,"column":18},"end":{"line":155,"column":3}},"69":{"start":{"line":139,"column":4},"end":{"line":154,"column":5}},"70":{"start":{"line":140,"column":29},"end":{"line":140,"column":81}},"71":{"start":{"line":142,"column":6},"end":{"line":144,"column":7}},"72":{"start":{"line":143,"column":8},"end":{"line":143,"column":80}},"73":{"start":{"line":145,"column":6},"end":{"line":147,"column":9}},"74":{"start":{"line":149,"column":6},"end":{"line":149,"column":54}},"75":{"start":{"line":150,"column":6},"end":{"line":153,"column":9}},"76":{"start":{"line":156,"column":20},"end":{"line":182,"column":3}},"77":{"start":{"line":157,"column":4},"end":{"line":181,"column":5}},"78":{"start":{"line":158,"column":50},"end":{"line":158,"column":58}},"79":{"start":{"line":160,"column":20},"end":{"line":163,"column":7}},"80":{"start":{"line":164,"column":20},"end":{"line":164,"column":44}},"81":{"start":{"line":165,"column":6},"end":{"line":174,"column":9}},"82":{"start":{"line":176,"column":6},"end":{"line":176,"column":56}},"83":{"start":{"line":177,"column":6},"end":{"line":180,"column":9}}},"fnMap":{"0":{"name":"(anonymous_0)","decl":{"start":{"line":6,"column":2},"end":{"line":6,"column":3}},"loc":{"start":{"line":6,"column":16},"end":{"line":8,"column":3}},"line":6},"1":{"name":"(anonymous_1)","decl":{"start":{"line":9,"column":15},"end":{"line":9,"column":16}},"loc":{"start":{"line":9,"column":35},"end":{"line":41,"column":3}},"line":9},"2":{"name":"(anonymous_2)","decl":{"start":{"line":42,"column":22},"end":{"line":42,"column":23}},"loc":{"start":{"line":42,"column":42},"end":{"line":60,"column":3}},"line":42},"3":{"name":"(anonymous_3)","decl":{"start":{"line":61,"column":26},"end":{"line":61,"column":27}},"loc":{"start":{"line":61,"column":46},"end":{"line":72,"column":3}},"line":61},"4":{"name":"(anonymous_4)","decl":{"start":{"line":73,"column":26},"end":{"line":73,"column":27}},"loc":{"start":{"line":73,"column":46},"end":{"line":88,"column":3}},"line":73},"5":{"name":"(anonymous_5)","decl":{"start":{"line":89,"column":18},"end":{"line":89,"column":19}},"loc":{"start":{"line":89,"column":38},"end":{"line":105,"column":3}},"line":89},"6":{"name":"(anonymous_6)","decl":{"start":{"line":92,"column":43},"end":{"line":92,"column":44}},"loc":{"start":{"line":92,"column":52},"end":{"line":96,"column":7}},"line":92},"7":{"name":"(anonymous_7)","decl":{"start":{"line":106,"column":20},"end":{"line":106,"column":21}},"loc":{"start":{"line":106,"column":40},"end":{"line":137,"column":3}},"line":106},"8":{"name":"(anonymous_8)","decl":{"start":{"line":138,"column":18},"end":{"line":138,"column":19}},"loc":{"start":{"line":138,"column":38},"end":{"line":155,"column":3}},"line":138},"9":{"name":"(anonymous_9)","decl":{"start":{"line":156,"column":20},"end":{"line":156,"column":21}},"loc":{"start":{"line":156,"column":40},"end":{"line":182,"column":3}},"line":156}},"branchMap":{"0":{"loc":{"start":{"line":12,"column":29},"end":{"line":13,"column":73}},"type":"binary-expr","locations":[{"start":{"line":12,"column":29},"end":{"line":12,"column":89}},{"start":{"line":13,"column":8},"end":{"line":13,"column":73}}],"line":12},"1":{"loc":{"start":{"line":14,"column":6},"end":{"line":18,"column":7}},"type":"if","locations":[{"start":{"line":14,"column":6},"end":{"line":18,"column":7}},{"start":{},"end":{}}],"line":14},"2":{"loc":{"start":{"line":26,"column":6},"end":{"line":35,"column":7}},"type":"if","locations":[{"start":{"line":26,"column":6},"end":{"line":35,"column":7}},{"start":{},"end":{}}],"line":26},"3":{"loc":{"start":{"line":29,"column":10},"end":{"line":31,"column":11}},"type":"if","locations":[{"start":{"line":29,"column":10},"end":{"line":31,"column":11}},{"start":{},"end":{}}],"line":29},"4":{"loc":{"start":{"line":46,"column":6},"end":{"line":50,"column":7}},"type":"if","locations":[{"start":{"line":46,"column":6},"end":{"line":50,"column":7}},{"start":{},"end":{}}],"line":46},"5":{"loc":{"start":{"line":64,"column":6},"end":{"line":66,"column":7}},"type":"if","locations":[{"start":{"line":64,"column":6},"end":{"line":66,"column":7}},{"start":{},"end":{}}],"line":64},"6":{"loc":{"start":{"line":76,"column":6},"end":{"line":78,"column":7}},"type":"if","locations":[{"start":{"line":76,"column":6},"end":{"line":78,"column":7}},{"start":{},"end":{}}],"line":76},"7":{"loc":{"start":{"line":112,"column":6},"end":{"line":114,"column":7}},"type":"if","locations":[{"start":{"line":112,"column":6},"end":{"line":114,"column":7}},{"start":{},"end":{}}],"line":112},"8":{"loc":{"start":{"line":122,"column":6},"end":{"line":131,"column":7}},"type":"if","locations":[{"start":{"line":122,"column":6},"end":{"line":131,"column":7}},{"start":{},"end":{}}],"line":122},"9":{"loc":{"start":{"line":125,"column":10},"end":{"line":127,"column":11}},"type":"if","locations":[{"start":{"line":125,"column":10},"end":{"line":127,"column":11}},{"start":{},"end":{}}],"line":125},"10":{"loc":{"start":{"line":142,"column":6},"end":{"line":144,"column":7}},"type":"if","locations":[{"start":{"line":142,"column":6},"end":{"line":144,"column":7}},{"start":{},"end":{}}],"line":142}},"s":{"0":0,"1":0,"2":0,"3":0,"4":0,"5":0,"6":0,"7":0,"8":0,"9":0,"10":0,"11":0,"12":0,"13":0,"14":0,"15":0,"16":0,"17":0,"18":0,"19":0,"20":0,"21":0,"22":0,"23":0,"24":0,"25":0,"26":0,"27":0,"28":0,"29":0,"30":0,"31":0,"32":0,"33":0,"34":0,"35":0,"36":0,"37":0,"38":0,"39":0,"40":0,"41":0,"42":0,"43":0,"44":0,"45":0,"46":0,"47":0,"48":0,"49":0,"50":0,"51":0,"52":0,"53":0,"54":0,"55":0,"56":0,"57":0,"58":0,"59":0,"60":0,"61":0,"62":0,"63":0,"64":0,"65":0,"66":0,"67":0,"68":0,"69":0,"70":0,"71":0,"72":0,"73":0,"74":0,"75":0,"76":0,"77":0,"78":0,"79":0,"80":0,"81":0,"82":0,"83":0},"f":{"0":0,"1":0,"2":0,"3":0,"4":0,"5":0,"6":0,"7":0,"8":0,"9":0},"b":{"0":[0,0],"1":[0,0],"2":[0,0],"3":[0,0],"4":[0,0],"5":[0,0],"6":[0,0],"7":[0,0],"8":[0,0],"9":[0,0],"10":[0,0]}}
,"/home/matius/Escritorio/A-C-Soluciones-M-C/Backend/src/controllers/cliente.controller.js": {"path":"/home/matius/Escritorio/A-C-Soluciones-M-C/Backend/src/controllers/cliente.controller.js","statementMap":{"0":{"start":{"line":9,"column":4},"end":{"line":9,"column":41}},"1":{"start":{"line":10,"column":4},"end":{"line":10,"column":65}},"2":{"start":{"line":11,"column":20},"end":{"line":36,"column":5}},"3":{"start":{"line":12,"column":8},"end":{"line":35,"column":9}},"4":{"start":{"line":13,"column":41},"end":{"line":13,"column":49}},"5":{"start":{"line":14,"column":37},"end":{"line":14,"column":104}},"6":{"start":{"line":16,"column":12},"end":{"line":18,"column":13}},"7":{"start":{"line":17,"column":16},"end":{"line":17,"column":91}},"8":{"start":{"line":19,"column":33},"end":{"line":19,"column":81}},"9":{"start":{"line":20,"column":12},"end":{"line":20,"column":54}},"10":{"start":{"line":23,"column":12},"end":{"line":23,"column":33}},"11":{"start":{"line":25,"column":12},"end":{"line":33,"column":13}},"12":{"start":{"line":26,"column":36},"end":{"line":26,"column":38}},"13":{"start":{"line":27,"column":16},"end":{"line":31,"column":19}},"14":{"start":{"line":28,"column":20},"end":{"line":30,"column":21}},"15":{"start":{"line":29,"column":24},"end":{"line":29,"column":60}},"16":{"start":{"line":32,"column":16},"end":{"line":32,"column":69}},"17":{"start":{"line":34,"column":12},"end":{"line":34,"column":83}},"18":{"start":{"line":37,"column":26},"end":{"line":49,"column":5}},"19":{"start":{"line":38,"column":8},"end":{"line":48,"column":9}},"20":{"start":{"line":39,"column":28},"end":{"line":39,"column":88}},"21":{"start":{"line":40,"column":12},"end":{"line":42,"column":13}},"22":{"start":{"line":41,"column":16},"end":{"line":41,"column":83}},"23":{"start":{"line":43,"column":12},"end":{"line":43,"column":49}},"24":{"start":{"line":45,"column":12},"end":{"line":45,"column":33}},"25":{"start":{"line":47,"column":12},"end":{"line":47,"column":85}},"26":{"start":{"line":50,"column":30},"end":{"line":63,"column":5}},"27":{"start":{"line":51,"column":8},"end":{"line":62,"column":9}},"28":{"start":{"line":52,"column":28},"end":{"line":52,"column":106}},"29":{"start":{"line":54,"column":12},"end":{"line":56,"column":13}},"30":{"start":{"line":55,"column":16},"end":{"line":55,"column":82}},"31":{"start":{"line":57,"column":12},"end":{"line":57,"column":53}},"32":{"start":{"line":59,"column":12},"end":{"line":59,"column":33}},"33":{"start":{"line":61,"column":12},"end":{"line":61,"column":85}},"34":{"start":{"line":64,"column":30},"end":{"line":72,"column":5}},"35":{"start":{"line":65,"column":8},"end":{"line":71,"column":9}},"36":{"start":{"line":66,"column":29},"end":{"line":66,"column":80}},"37":{"start":{"line":67,"column":12},"end":{"line":67,"column":50}},"38":{"start":{"line":69,"column":12},"end":{"line":69,"column":33}},"39":{"start":{"line":70,"column":12},"end":{"line":70,"column":87}},"40":{"start":{"line":73,"column":29},"end":{"line":81,"column":5}},"41":{"start":{"line":74,"column":8},"end":{"line":80,"column":9}},"42":{"start":{"line":75,"column":29},"end":{"line":75,"column":79}},"43":{"start":{"line":76,"column":12},"end":{"line":76,"column":50}},"44":{"start":{"line":78,"column":12},"end":{"line":78,"column":33}},"45":{"start":{"line":79,"column":12},"end":{"line":79,"column":95}},"46":{"start":{"line":82,"column":24},"end":{"line":102,"column":5}},"47":{"start":{"line":83,"column":8},"end":{"line":101,"column":9}},"48":{"start":{"line":84,"column":39},"end":{"line":84,"column":107}},"49":{"start":{"line":85,"column":12},"end":{"line":87,"column":13}},"50":{"start":{"line":86,"column":16},"end":{"line":86,"column":83}},"51":{"start":{"line":88,"column":12},"end":{"line":88,"column":60}},"52":{"start":{"line":90,"column":12},"end":{"line":90,"column":33}},"53":{"start":{"line":91,"column":12},"end":{"line":99,"column":13}},"54":{"start":{"line":92,"column":36},"end":{"line":92,"column":38}},"55":{"start":{"line":93,"column":16},"end":{"line":97,"column":19}},"56":{"start":{"line":94,"column":20},"end":{"line":96,"column":21}},"57":{"start":{"line":95,"column":24},"end":{"line":95,"column":60}},"58":{"start":{"line":98,"column":16},"end":{"line":98,"column":69}},"59":{"start":{"line":100,"column":12},"end":{"line":100,"column":88}},"60":{"start":{"line":103,"column":22},"end":{"line":114,"column":5}},"61":{"start":{"line":104,"column":8},"end":{"line":113,"column":9}},"62":{"start":{"line":105,"column":37},"end":{"line":105,"column":93}},"63":{"start":{"line":106,"column":12},"end":{"line":108,"column":13}},"64":{"start":{"line":107,"column":16},"end":{"line":107,"column":83}},"65":{"start":{"line":109,"column":12},"end":{"line":109,"column":58}},"66":{"start":{"line":111,"column":12},"end":{"line":111,"column":33}},"67":{"start":{"line":112,"column":12},"end":{"line":112,"column":86}},"68":{"start":{"line":115,"column":29},"end":{"line":126,"column":5}},"69":{"start":{"line":116,"column":8},"end":{"line":125,"column":9}},"70":{"start":{"line":117,"column":28},"end":{"line":117,"column":107}},"71":{"start":{"line":118,"column":12},"end":{"line":120,"column":13}},"72":{"start":{"line":119,"column":16},"end":{"line":119,"column":83}},"73":{"start":{"line":121,"column":12},"end":{"line":121,"column":49}},"74":{"start":{"line":123,"column":12},"end":{"line":123,"column":33}},"75":{"start":{"line":124,"column":12},"end":{"line":124,"column":85}},"76":{"start":{"line":131,"column":25},"end":{"line":153,"column":5}},"77":{"start":{"line":132,"column":8},"end":{"line":152,"column":10}},"78":{"start":{"line":133,"column":30},"end":{"line":133,"column":41}},"79":{"start":{"line":134,"column":33},"end":{"line":134,"column":35}},"80":{"start":{"line":136,"column":12},"end":{"line":140,"column":15}},"81":{"start":{"line":137,"column":16},"end":{"line":139,"column":17}},"82":{"start":{"line":138,"column":20},"end":{"line":138,"column":58}},"83":{"start":{"line":142,"column":39},"end":{"line":142,"column":113}},"84":{"start":{"line":144,"column":12},"end":{"line":146,"column":13}},"85":{"start":{"line":145,"column":16},"end":{"line":145,"column":83}},"86":{"start":{"line":148,"column":12},"end":{"line":148,"column":60}},"87":{"start":{"line":150,"column":12},"end":{"line":150,"column":33}},"88":{"start":{"line":151,"column":12},"end":{"line":151,"column":99}}},"fnMap":{"0":{"name":"(anonymous_0)","decl":{"start":{"line":8,"column":0},"end":{"line":8,"column":1}},"loc":{"start":{"line":8,"column":51},"end":{"line":11,"column":1}},"line":8},"1":{"name":"(anonymous_1)","decl":{"start":{"line":11,"column":20},"end":{"line":11,"column":21}},"loc":{"start":{"line":11,"column":40},"end":{"line":36,"column":5}},"line":11},"2":{"name":"(anonymous_2)","decl":{"start":{"line":27,"column":37},"end":{"line":27,"column":38}},"loc":{"start":{"line":27,"column":46},"end":{"line":31,"column":17}},"line":27},"3":{"name":"(anonymous_3)","decl":{"start":{"line":37,"column":26},"end":{"line":37,"column":27}},"loc":{"start":{"line":37,"column":46},"end":{"line":49,"column":5}},"line":37},"4":{"name":"(anonymous_4)","decl":{"start":{"line":50,"column":30},"end":{"line":50,"column":31}},"loc":{"start":{"line":50,"column":50},"end":{"line":63,"column":5}},"line":50},"5":{"name":"(anonymous_5)","decl":{"start":{"line":64,"column":30},"end":{"line":64,"column":31}},"loc":{"start":{"line":64,"column":50},"end":{"line":72,"column":5}},"line":64},"6":{"name":"(anonymous_6)","decl":{"start":{"line":73,"column":29},"end":{"line":73,"column":30}},"loc":{"start":{"line":73,"column":49},"end":{"line":81,"column":5}},"line":73},"7":{"name":"(anonymous_7)","decl":{"start":{"line":82,"column":24},"end":{"line":82,"column":25}},"loc":{"start":{"line":82,"column":44},"end":{"line":102,"column":5}},"line":82},"8":{"name":"(anonymous_8)","decl":{"start":{"line":93,"column":37},"end":{"line":93,"column":38}},"loc":{"start":{"line":93,"column":46},"end":{"line":97,"column":17}},"line":93},"9":{"name":"(anonymous_9)","decl":{"start":{"line":103,"column":22},"end":{"line":103,"column":23}},"loc":{"start":{"line":103,"column":42},"end":{"line":114,"column":5}},"line":103},"10":{"name":"(anonymous_10)","decl":{"start":{"line":115,"column":29},"end":{"line":115,"column":30}},"loc":{"start":{"line":115,"column":49},"end":{"line":126,"column":5}},"line":115},"11":{"name":"(anonymous_11)","decl":{"start":{"line":131,"column":25},"end":{"line":131,"column":26}},"loc":{"start":{"line":131,"column":45},"end":{"line":153,"column":5}},"line":131},"12":{"name":"(anonymous_12)","decl":{"start":{"line":136,"column":44},"end":{"line":136,"column":45}},"loc":{"start":{"line":136,"column":55},"end":{"line":140,"column":13}},"line":136}},"branchMap":{"0":{"loc":{"start":{"line":8,"column":12},"end":{"line":8,"column":49}},"type":"default-arg","locations":[{"start":{"line":8,"column":29},"end":{"line":8,"column":49}}],"line":8},"1":{"loc":{"start":{"line":16,"column":12},"end":{"line":18,"column":13}},"type":"if","locations":[{"start":{"line":16,"column":12},"end":{"line":18,"column":13}},{"start":{},"end":{}}],"line":16},"2":{"loc":{"start":{"line":25,"column":12},"end":{"line":33,"column":13}},"type":"if","locations":[{"start":{"line":25,"column":12},"end":{"line":33,"column":13}},{"start":{},"end":{}}],"line":25},"3":{"loc":{"start":{"line":28,"column":20},"end":{"line":30,"column":21}},"type":"if","locations":[{"start":{"line":28,"column":20},"end":{"line":30,"column":21}},{"start":{},"end":{}}],"line":28},"4":{"loc":{"start":{"line":40,"column":12},"end":{"line":42,"column":13}},"type":"if","locations":[{"start":{"line":40,"column":12},"end":{"line":42,"column":13}},{"start":{},"end":{}}],"line":40},"5":{"loc":{"start":{"line":54,"column":12},"end":{"line":56,"column":13}},"type":"if","locations":[{"start":{"line":54,"column":12},"end":{"line":56,"column":13}},{"start":{},"end":{}}],"line":54},"6":{"loc":{"start":{"line":85,"column":12},"end":{"line":87,"column":13}},"type":"if","locations":[{"start":{"line":85,"column":12},"end":{"line":87,"column":13}},{"start":{},"end":{}}],"line":85},"7":{"loc":{"start":{"line":91,"column":12},"end":{"line":99,"column":13}},"type":"if","locations":[{"start":{"line":91,"column":12},"end":{"line":99,"column":13}},{"start":{},"end":{}}],"line":91},"8":{"loc":{"start":{"line":94,"column":20},"end":{"line":96,"column":21}},"type":"if","locations":[{"start":{"line":94,"column":20},"end":{"line":96,"column":21}},{"start":{},"end":{}}],"line":94},"9":{"loc":{"start":{"line":106,"column":12},"end":{"line":108,"column":13}},"type":"if","locations":[{"start":{"line":106,"column":12},"end":{"line":108,"column":13}},{"start":{},"end":{}}],"line":106},"10":{"loc":{"start":{"line":118,"column":12},"end":{"line":120,"column":13}},"type":"if","locations":[{"start":{"line":118,"column":12},"end":{"line":120,"column":13}},{"start":{},"end":{}}],"line":118},"11":{"loc":{"start":{"line":137,"column":16},"end":{"line":139,"column":17}},"type":"if","locations":[{"start":{"line":137,"column":16},"end":{"line":139,"column":17}},{"start":{},"end":{}}],"line":137},"12":{"loc":{"start":{"line":144,"column":12},"end":{"line":146,"column":13}},"type":"if","locations":[{"start":{"line":144,"column":12},"end":{"line":146,"column":13}},{"start":{},"end":{}}],"line":144}},"s":{"0":0,"1":0,"2":0,"3":0,"4":0,"5":0,"6":0,"7":0,"8":0,"9":0,"10":0,"11":0,"12":0,"13":0,"14":0,"15":0,"16":0,"17":0,"18":0,"19":0,"20":0,"21":0,"22":0,"23":0,"24":0,"25":0,"26":0,"27":0,"28":0,"29":0,"30":0,"31":0,"32":0,"33":0,"34":0,"35":0,"36":0,"37":0,"38":0,"39":0,"40":0,"41":0,"42":0,"43":0,"44":0,"45":0,"46":0,"47":0,"48":0,"49":0,"50":0,"51":0,"52":0,"53":0,"54":0,"55":0,"56":0,"57":0,"58":0,"59":0,"60":0,"61":0,"62":0,"63":0,"64":0,"65":0,"66":0,"67":0,"68":0,"69":0,"70":0,"71":0,"72":0,"73":0,"74":0,"75":0,"76":0,"77":0,"78":0,"79":0,"80":0,"81":0,"82":0,"83":0,"84":0,"85":0,"86":0,"87":0,"88":0},"f":{"0":0,"1":0,"2":0,"3":0,"4":0,"5":0,"6":0,"7":0,"8":0,"9":0,"10":0,"11":0,"12":0},"b":{"0":[0],"1":[0,0],"2":[0,0],"3":[0,0],"4":[0,0],"5":[0,0],"6":[0,0],"7":[0,0],"8":[0,0],"9":[0,0],"10":[0,0],"11":[0,0],"12":[0,0]}}
,"/home/matius/Escritorio/A-C-Soluciones-M-C/Backend/src/controllers/ficha_mantenimiento.controller.js": {"path":"/home/matius/Escritorio/A-C-Soluciones-M-C/Backend/src/controllers/ficha_mantenimiento.controller.js","statementMap":{"0":{"start":{"line":9,"column":39},"end":{"line":141,"column":1}},"1":{"start":{"line":12,"column":2},"end":{"line":140,"column":3}},"2":{"start":{"line":14,"column":4},"end":{"line":14,"column":39}},"3":{"start":{"line":31,"column":8},"end":{"line":31,"column":16}},"4":{"start":{"line":34,"column":4},"end":{"line":48,"column":7}},"5":{"start":{"line":51,"column":22},"end":{"line":51,"column":55}},"6":{"start":{"line":52,"column":22},"end":{"line":52,"column":55}},"7":{"start":{"line":53,"column":28},"end":{"line":53,"column":68}},"8":{"start":{"line":56,"column":4},"end":{"line":60,"column":7}},"9":{"start":{"line":63,"column":23},"end":{"line":80,"column":6}},"10":{"start":{"line":83,"column":20},"end":{"line":83,"column":67}},"11":{"start":{"line":84,"column":4},"end":{"line":84,"column":82}},"12":{"start":{"line":84,"column":18},"end":{"line":84,"column":82}},"13":{"start":{"line":86,"column":24},"end":{"line":90,"column":5}},"14":{"start":{"line":93,"column":20},"end":{"line":93,"column":67}},"15":{"start":{"line":94,"column":4},"end":{"line":94,"column":82}},"16":{"start":{"line":94,"column":18},"end":{"line":94,"column":82}},"17":{"start":{"line":96,"column":24},"end":{"line":101,"column":5}},"18":{"start":{"line":104,"column":21},"end":{"line":108,"column":5}},"19":{"start":{"line":112,"column":20},"end":{"line":112,"column":84}},"20":{"start":{"line":115,"column":4},"end":{"line":115,"column":62}},"21":{"start":{"line":118,"column":4},"end":{"line":118,"column":117}},"22":{"start":{"line":120,"column":4},"end":{"line":126,"column":7}},"23":{"start":{"line":129,"column":4},"end":{"line":129,"column":62}},"24":{"start":{"line":131,"column":4},"end":{"line":137,"column":5}},"25":{"start":{"line":132,"column":21},"end":{"line":135,"column":9}},"26":{"start":{"line":132,"column":46},"end":{"line":135,"column":7}},"27":{"start":{"line":136,"column":6},"end":{"line":136,"column":46}},"28":{"start":{"line":139,"column":4},"end":{"line":139,"column":65}},"29":{"start":{"line":145,"column":28},"end":{"line":172,"column":1}},"30":{"start":{"line":146,"column":2},"end":{"line":171,"column":3}},"31":{"start":{"line":147,"column":4},"end":{"line":149,"column":5}},"32":{"start":{"line":148,"column":6},"end":{"line":148,"column":92}},"33":{"start":{"line":151,"column":24},"end":{"line":151,"column":32}},"34":{"start":{"line":152,"column":27},"end":{"line":152,"column":36}},"35":{"start":{"line":156,"column":4},"end":{"line":164,"column":5}},"36":{"start":{"line":157,"column":6},"end":{"line":157,"column":62}},"37":{"start":{"line":158,"column":11},"end":{"line":164,"column":5}},"38":{"start":{"line":159,"column":6},"end":{"line":159,"column":62}},"39":{"start":{"line":160,"column":11},"end":{"line":164,"column":5}},"40":{"start":{"line":161,"column":6},"end":{"line":161,"column":71}},"41":{"start":{"line":163,"column":6},"end":{"line":163,"column":66}},"42":{"start":{"line":166,"column":4},"end":{"line":166,"column":21}},"43":{"start":{"line":169,"column":4},"end":{"line":169,"column":52}},"44":{"start":{"line":170,"column":4},"end":{"line":170,"column":71}}},"fnMap":{"0":{"name":"(anonymous_0)","decl":{"start":{"line":9,"column":39},"end":{"line":9,"column":40}},"loc":{"start":{"line":9,"column":59},"end":{"line":141,"column":1}},"line":9},"1":{"name":"(anonymous_1)","decl":{"start":{"line":132,"column":38},"end":{"line":132,"column":39}},"loc":{"start":{"line":132,"column":46},"end":{"line":135,"column":7}},"line":132},"2":{"name":"(anonymous_2)","decl":{"start":{"line":145,"column":28},"end":{"line":145,"column":29}},"loc":{"start":{"line":145,"column":48},"end":{"line":172,"column":1}},"line":145}},"branchMap":{"0":{"loc":{"start":{"line":77,"column":25},"end":{"line":77,"column":52}},"type":"binary-expr","locations":[{"start":{"line":77,"column":25},"end":{"line":77,"column":44}},{"start":{"line":77,"column":48},"end":{"line":77,"column":52}}],"line":77},"1":{"loc":{"start":{"line":78,"column":25},"end":{"line":78,"column":52}},"type":"binary-expr","locations":[{"start":{"line":78,"column":25},"end":{"line":78,"column":44}},{"start":{"line":78,"column":48},"end":{"line":78,"column":52}}],"line":78},"2":{"loc":{"start":{"line":79,"column":32},"end":{"line":79,"column":65}},"type":"binary-expr","locations":[{"start":{"line":79,"column":32},"end":{"line":79,"column":57}},{"start":{"line":79,"column":61},"end":{"line":79,"column":65}}],"line":79},"3":{"loc":{"start":{"line":84,"column":4},"end":{"line":84,"column":82}},"type":"if","locations":[{"start":{"line":84,"column":4},"end":{"line":84,"column":82}},{"start":{},"end":{}}],"line":84},"4":{"loc":{"start":{"line":88,"column":16},"end":{"line":88,"column":53}},"type":"binary-expr","locations":[{"start":{"line":88,"column":16},"end":{"line":88,"column":32}},{"start":{"line":88,"column":36},"end":{"line":88,"column":53}}],"line":88},"5":{"loc":{"start":{"line":94,"column":4},"end":{"line":94,"column":82}},"type":"if","locations":[{"start":{"line":94,"column":4},"end":{"line":94,"column":82}},{"start":{},"end":{}}],"line":94},"6":{"loc":{"start":{"line":99,"column":16},"end":{"line":99,"column":53}},"type":"binary-expr","locations":[{"start":{"line":99,"column":16},"end":{"line":99,"column":32}},{"start":{"line":99,"column":36},"end":{"line":99,"column":53}}],"line":99},"7":{"loc":{"start":{"line":105,"column":19},"end":{"line":105,"column":97}},"type":"cond-expr","locations":[{"start":{"line":105,"column":31},"end":{"line":105,"column":90}},{"start":{"line":105,"column":93},"end":{"line":105,"column":97}}],"line":105},"8":{"loc":{"start":{"line":106,"column":19},"end":{"line":106,"column":97}},"type":"cond-expr","locations":[{"start":{"line":106,"column":31},"end":{"line":106,"column":90}},{"start":{"line":106,"column":93},"end":{"line":106,"column":97}}],"line":106},"9":{"loc":{"start":{"line":107,"column":19},"end":{"line":107,"column":109}},"type":"cond-expr","locations":[{"start":{"line":107,"column":37},"end":{"line":107,"column":102}},{"start":{"line":107,"column":105},"end":{"line":107,"column":109}}],"line":107},"10":{"loc":{"start":{"line":131,"column":4},"end":{"line":137,"column":5}},"type":"if","locations":[{"start":{"line":131,"column":4},"end":{"line":137,"column":5}},{"start":{},"end":{}}],"line":131},"11":{"loc":{"start":{"line":147,"column":4},"end":{"line":149,"column":5}},"type":"if","locations":[{"start":{"line":147,"column":4},"end":{"line":149,"column":5}},{"start":{},"end":{}}],"line":147},"12":{"loc":{"start":{"line":156,"column":4},"end":{"line":164,"column":5}},"type":"if","locations":[{"start":{"line":156,"column":4},"end":{"line":164,"column":5}},{"start":{"line":158,"column":11},"end":{"line":164,"column":5}}],"line":156},"13":{"loc":{"start":{"line":156,"column":8},"end":{"line":156,"column":50}},"type":"binary-expr","locations":[{"start":{"line":156,"column":8},"end":{"line":156,"column":23}},{"start":{"line":156,"column":27},"end":{"line":156,"column":50}}],"line":156},"14":{"loc":{"start":{"line":158,"column":11},"end":{"line":164,"column":5}},"type":"if","locations":[{"start":{"line":158,"column":11},"end":{"line":164,"column":5}},{"start":{"line":160,"column":11},"end":{"line":164,"column":5}}],"line":158},"15":{"loc":{"start":{"line":160,"column":11},"end":{"line":164,"column":5}},"type":"if","locations":[{"start":{"line":160,"column":11},"end":{"line":164,"column":5}},{"start":{"line":162,"column":11},"end":{"line":164,"column":5}}],"line":160}},"s":{"0":0,"1":0,"2":0,"3":0,"4":0,"5":0,"6":0,"7":0,"8":0,"9":0,"10":0,"11":0,"12":0,"13":0,"14":0,"15":0,"16":0,"17":0,"18":0,"19":0,"20":0,"21":0,"22":0,"23":0,"24":0,"25":0,"26":0,"27":0,"28":0,"29":0,"30":0,"31":0,"32":0,"33":0,"34":0,"35":0,"36":0,"37":0,"38":0,"39":0,"40":0,"41":0,"42":0,"43":0,"44":0},"f":{"0":0,"1":0,"2":0},"b":{"0":[0,0],"1":[0,0],"2":[0,0],"3":[0,0],"4":[0,0],"5":[0,0],"6":[0,0],"7":[0,0],"8":[0,0],"9":[0,0],"10":[0,0],"11":[0,0],"12":[0,0],"13":[0,0],"14":[0,0],"15":[0,0]}}
,"/home/matius/Escritorio/A-C-Soluciones-M-C/Backend/src/controllers/preguntas_freceuntes.controller.js": {"path":"/home/matius/Escritorio/A-C-Soluciones-M-C/Backend/src/controllers/preguntas_freceuntes.controller.js","statementMap":{"0":{"start":{"line":5,"column":4},"end":{"line":5,"column":39}},"1":{"start":{"line":8,"column":10},"end":{"line":28,"column":3}},"2":{"start":{"line":9,"column":4},"end":{"line":27,"column":5}},"3":{"start":{"line":10,"column":49},"end":{"line":10,"column":57}},"4":{"start":{"line":11,"column":31},"end":{"line":11,"column":42}},"5":{"start":{"line":13,"column":23},"end":{"line":18,"column":8}},"6":{"start":{"line":20,"column":6},"end":{"line":24,"column":9}},"7":{"start":{"line":26,"column":6},"end":{"line":26,"column":71}},"8":{"start":{"line":30,"column":17},"end":{"line":37,"column":3}},"9":{"start":{"line":31,"column":4},"end":{"line":36,"column":5}},"10":{"start":{"line":32,"column":19},"end":{"line":32,"column":55}},"11":{"start":{"line":33,"column":6},"end":{"line":33,"column":46}},"12":{"start":{"line":35,"column":6},"end":{"line":35,"column":71}},"13":{"start":{"line":39,"column":24},"end":{"line":47,"column":3}},"14":{"start":{"line":40,"column":4},"end":{"line":46,"column":5}},"15":{"start":{"line":41,"column":28},"end":{"line":41,"column":38}},"16":{"start":{"line":42,"column":19},"end":{"line":42,"column":71}},"17":{"start":{"line":43,"column":6},"end":{"line":43,"column":46}},"18":{"start":{"line":45,"column":6},"end":{"line":45,"column":71}},"19":{"start":{"line":49,"column":15},"end":{"line":60,"column":3}},"20":{"start":{"line":50,"column":4},"end":{"line":59,"column":5}},"21":{"start":{"line":51,"column":21},"end":{"line":51,"column":31}},"22":{"start":{"line":52,"column":49},"end":{"line":52,"column":57}},"23":{"start":{"line":54,"column":6},"end":{"line":54,"column":79}},"24":{"start":{"line":56,"column":6},"end":{"line":56,"column":92}},"25":{"start":{"line":58,"column":6},"end":{"line":58,"column":71}},"26":{"start":{"line":62,"column":13},"end":{"line":70,"column":3}},"27":{"start":{"line":63,"column":4},"end":{"line":69,"column":5}},"28":{"start":{"line":64,"column":21},"end":{"line":64,"column":31}},"29":{"start":{"line":65,"column":6},"end":{"line":65,"column":41}},"30":{"start":{"line":66,"column":6},"end":{"line":66,"column":90}},"31":{"start":{"line":68,"column":6},"end":{"line":68,"column":71}}},"fnMap":{"0":{"name":"(anonymous_0)","decl":{"start":{"line":4,"column":2},"end":{"line":4,"column":3}},"loc":{"start":{"line":4,"column":16},"end":{"line":6,"column":3}},"line":4},"1":{"name":"(anonymous_1)","decl":{"start":{"line":8,"column":10},"end":{"line":8,"column":11}},"loc":{"start":{"line":8,"column":30},"end":{"line":28,"column":3}},"line":8},"2":{"name":"(anonymous_2)","decl":{"start":{"line":30,"column":17},"end":{"line":30,"column":18}},"loc":{"start":{"line":30,"column":37},"end":{"line":37,"column":3}},"line":30},"3":{"name":"(anonymous_3)","decl":{"start":{"line":39,"column":24},"end":{"line":39,"column":25}},"loc":{"start":{"line":39,"column":44},"end":{"line":47,"column":3}},"line":39},"4":{"name":"(anonymous_4)","decl":{"start":{"line":49,"column":15},"end":{"line":49,"column":16}},"loc":{"start":{"line":49,"column":35},"end":{"line":60,"column":3}},"line":49},"5":{"name":"(anonymous_5)","decl":{"start":{"line":62,"column":13},"end":{"line":62,"column":14}},"loc":{"start":{"line":62,"column":33},"end":{"line":70,"column":3}},"line":62}},"branchMap":{},"s":{"0":0,"1":0,"2":0,"3":0,"4":0,"5":0,"6":0,"7":0,"8":0,"9":0,"10":0,"11":0,"12":0,"13":0,"14":0,"15":0,"16":0,"17":0,"18":0,"19":0,"20":0,"21":0,"22":0,"23":0,"24":0,"25":0,"26":0,"27":0,"28":0,"29":0,"30":0,"31":0},"f":{"0":0,"1":0,"2":0,"3":0,"4":0,"5":0},"b":{}}
,"/home/matius/Escritorio/A-C-Soluciones-M-C/Backend/src/controllers/servicio.controller.js": {"path":"/home/matius/Escritorio/A-C-Soluciones-M-C/Backend/src/controllers/servicio.controller.js","statementMap":{"0":{"start":{"line":6,"column":4},"end":{"line":6,"column":49}},"1":{"start":{"line":8,"column":18},"end":{"line":39,"column":3}},"2":{"start":{"line":9,"column":4},"end":{"line":38,"column":5}},"3":{"start":{"line":10,"column":25},"end":{"line":10,"column":33}},"4":{"start":{"line":12,"column":32},"end":{"line":12,"column":91}},"5":{"start":{"line":14,"column":6},"end":{"line":17,"column":7}},"6":{"start":{"line":15,"column":8},"end":{"line":16,"column":11}},"7":{"start":{"line":18,"column":27},"end":{"line":19,"column":7}},"8":{"start":{"line":21,"column":28},"end":{"line":21,"column":82}},"9":{"start":{"line":23,"column":6},"end":{"line":24,"column":9}},"10":{"start":{"line":28,"column":6},"end":{"line":28,"column":55}},"11":{"start":{"line":30,"column":6},"end":{"line":35,"column":7}},"12":{"start":{"line":32,"column":25},"end":{"line":32,"column":63}},"13":{"start":{"line":32,"column":51},"end":{"line":32,"column":62}},"14":{"start":{"line":34,"column":8},"end":{"line":34,"column":73}},"15":{"start":{"line":36,"column":6},"end":{"line":37,"column":9}},"16":{"start":{"line":40,"column":25},"end":{"line":56,"column":3}},"17":{"start":{"line":41,"column":4},"end":{"line":55,"column":5}},"18":{"start":{"line":42,"column":23},"end":{"line":42,"column":85}},"19":{"start":{"line":44,"column":6},"end":{"line":47,"column":7}},"20":{"start":{"line":46,"column":8},"end":{"line":46,"column":91}},"21":{"start":{"line":48,"column":6},"end":{"line":48,"column":69}},"22":{"start":{"line":52,"column":6},"end":{"line":52,"column":64}},"23":{"start":{"line":54,"column":6},"end":{"line":54,"column":95}},"24":{"start":{"line":57,"column":29},"end":{"line":75,"column":3}},"25":{"start":{"line":58,"column":4},"end":{"line":74,"column":5}},"26":{"start":{"line":59,"column":25},"end":{"line":59,"column":35}},"27":{"start":{"line":61,"column":23},"end":{"line":61,"column":82}},"28":{"start":{"line":63,"column":6},"end":{"line":66,"column":7}},"29":{"start":{"line":65,"column":8},"end":{"line":65,"column":90}},"30":{"start":{"line":67,"column":6},"end":{"line":67,"column":68}},"31":{"start":{"line":71,"column":6},"end":{"line":71,"column":68}},"32":{"start":{"line":73,"column":6},"end":{"line":73,"column":94}},"33":{"start":{"line":76,"column":20},"end":{"line":93,"column":3}},"34":{"start":{"line":77,"column":4},"end":{"line":92,"column":5}},"35":{"start":{"line":78,"column":26},"end":{"line":78,"column":35}},"36":{"start":{"line":80,"column":6},"end":{"line":83,"column":7}},"37":{"start":{"line":82,"column":8},"end":{"line":82,"column":101}},"38":{"start":{"line":84,"column":24},"end":{"line":84,"column":75}},"39":{"start":{"line":86,"column":6},"end":{"line":86,"column":91}},"40":{"start":{"line":89,"column":6},"end":{"line":89,"column":57}},"41":{"start":{"line":91,"column":6},"end":{"line":91,"column":91}},"42":{"start":{"line":94,"column":21},"end":{"line":107,"column":3}},"43":{"start":{"line":95,"column":4},"end":{"line":106,"column":5}},"44":{"start":{"line":96,"column":24},"end":{"line":96,"column":69}},"45":{"start":{"line":98,"column":6},"end":{"line":99,"column":9}},"46":{"start":{"line":103,"column":6},"end":{"line":103,"column":58}},"47":{"start":{"line":105,"column":6},"end":{"line":105,"column":97}},"48":{"start":{"line":108,"column":28},"end":{"line":119,"column":3}},"49":{"start":{"line":109,"column":4},"end":{"line":118,"column":5}},"50":{"start":{"line":110,"column":24},"end":{"line":110,"column":76}},"51":{"start":{"line":112,"column":6},"end":{"line":112,"column":95}},"52":{"start":{"line":115,"column":6},"end":{"line":115,"column":66}},"53":{"start":{"line":117,"column":6},"end":{"line":117,"column":105}},"54":{"start":{"line":120,"column":23},"end":{"line":165,"column":3}},"55":{"start":{"line":121,"column":4},"end":{"line":164,"column":5}},"56":{"start":{"line":122,"column":21},"end":{"line":122,"column":31}},"57":{"start":{"line":124,"column":23},"end":{"line":124,"column":74}},"58":{"start":{"line":126,"column":6},"end":{"line":129,"column":7}},"59":{"start":{"line":128,"column":8},"end":{"line":128,"column":92}},"60":{"start":{"line":130,"column":6},"end":{"line":138,"column":7}},"61":{"start":{"line":132,"column":34},"end":{"line":132,"column":102}},"62":{"start":{"line":134,"column":8},"end":{"line":137,"column":9}},"63":{"start":{"line":136,"column":10},"end":{"line":136,"column":109}},"64":{"start":{"line":139,"column":34},"end":{"line":143,"column":8}},"65":{"start":{"line":144,"column":6},"end":{"line":145,"column":9}},"66":{"start":{"line":148,"column":6},"end":{"line":148,"column":60}},"67":{"start":{"line":150,"column":6},"end":{"line":158,"column":7}},"68":{"start":{"line":151,"column":28},"end":{"line":151,"column":30}},"69":{"start":{"line":152,"column":8},"end":{"line":156,"column":11}},"70":{"start":{"line":153,"column":10},"end":{"line":155,"column":11}},"71":{"start":{"line":154,"column":12},"end":{"line":154,"column":48}},"72":{"start":{"line":157,"column":8},"end":{"line":157,"column":61}},"73":{"start":{"line":160,"column":6},"end":{"line":163,"column":9}},"74":{"start":{"line":166,"column":21},"end":{"line":182,"column":3}},"75":{"start":{"line":167,"column":4},"end":{"line":181,"column":5}},"76":{"start":{"line":168,"column":21},"end":{"line":168,"column":31}},"77":{"start":{"line":170,"column":24},"end":{"line":170,"column":71}},"78":{"start":{"line":172,"column":6},"end":{"line":174,"column":7}},"79":{"start":{"line":173,"column":8},"end":{"line":173,"column":91}},"80":{"start":{"line":175,"column":6},"end":{"line":175,"column":98}},"81":{"start":{"line":178,"column":6},"end":{"line":178,"column":58}},"82":{"start":{"line":180,"column":6},"end":{"line":180,"column":96}},"83":{"start":{"line":183,"column":25},"end":{"line":200,"column":3}},"84":{"start":{"line":184,"column":4},"end":{"line":199,"column":5}},"85":{"start":{"line":185,"column":21},"end":{"line":185,"column":31}},"86":{"start":{"line":187,"column":23},"end":{"line":187,"column":74}},"87":{"start":{"line":188,"column":6},"end":{"line":191,"column":7}},"88":{"start":{"line":190,"column":8},"end":{"line":190,"column":91}},"89":{"start":{"line":192,"column":6},"end":{"line":192,"column":118}},"90":{"start":{"line":196,"column":6},"end":{"line":196,"column":62}},"91":{"start":{"line":198,"column":6},"end":{"line":198,"column":101}},"92":{"start":{"line":201,"column":22},"end":{"line":218,"column":3}},"93":{"start":{"line":202,"column":4},"end":{"line":217,"column":5}},"94":{"start":{"line":203,"column":21},"end":{"line":203,"column":31}},"95":{"start":{"line":205,"column":23},"end":{"line":205,"column":71}},"96":{"start":{"line":207,"column":6},"end":{"line":209,"column":7}},"97":{"start":{"line":208,"column":8},"end":{"line":208,"column":91}},"98":{"start":{"line":210,"column":6},"end":{"line":210,"column":116}},"99":{"start":{"line":214,"column":6},"end":{"line":214,"column":59}},"100":{"start":{"line":216,"column":6},"end":{"line":216,"column":98}}},"fnMap":{"0":{"name":"(anonymous_0)","decl":{"start":{"line":5,"column":2},"end":{"line":5,"column":3}},"loc":{"start":{"line":5,"column":16},"end":{"line":7,"column":3}},"line":5},"1":{"name":"(anonymous_1)","decl":{"start":{"line":8,"column":18},"end":{"line":8,"column":19}},"loc":{"start":{"line":8,"column":38},"end":{"line":39,"column":3}},"line":8},"2":{"name":"(anonymous_2)","decl":{"start":{"line":32,"column":42},"end":{"line":32,"column":43}},"loc":{"start":{"line":32,"column":51},"end":{"line":32,"column":62}},"line":32},"3":{"name":"(anonymous_3)","decl":{"start":{"line":40,"column":25},"end":{"line":40,"column":26}},"loc":{"start":{"line":40,"column":45},"end":{"line":56,"column":3}},"line":40},"4":{"name":"(anonymous_4)","decl":{"start":{"line":57,"column":29},"end":{"line":57,"column":30}},"loc":{"start":{"line":57,"column":49},"end":{"line":75,"column":3}},"line":57},"5":{"name":"(anonymous_5)","decl":{"start":{"line":76,"column":20},"end":{"line":76,"column":21}},"loc":{"start":{"line":76,"column":40},"end":{"line":93,"column":3}},"line":76},"6":{"name":"(anonymous_6)","decl":{"start":{"line":94,"column":21},"end":{"line":94,"column":22}},"loc":{"start":{"line":94,"column":41},"end":{"line":107,"column":3}},"line":94},"7":{"name":"(anonymous_7)","decl":{"start":{"line":108,"column":28},"end":{"line":108,"column":29}},"loc":{"start":{"line":108,"column":48},"end":{"line":119,"column":3}},"line":108},"8":{"name":"(anonymous_8)","decl":{"start":{"line":120,"column":23},"end":{"line":120,"column":24}},"loc":{"start":{"line":120,"column":43},"end":{"line":165,"column":3}},"line":120},"9":{"name":"(anonymous_9)","decl":{"start":{"line":152,"column":29},"end":{"line":152,"column":30}},"loc":{"start":{"line":152,"column":38},"end":{"line":156,"column":9}},"line":152},"10":{"name":"(anonymous_10)","decl":{"start":{"line":166,"column":21},"end":{"line":166,"column":22}},"loc":{"start":{"line":166,"column":41},"end":{"line":182,"column":3}},"line":166},"11":{"name":"(anonymous_11)","decl":{"start":{"line":183,"column":25},"end":{"line":183,"column":26}},"loc":{"start":{"line":183,"column":45},"end":{"line":200,"column":3}},"line":183},"12":{"name":"(anonymous_12)","decl":{"start":{"line":201,"column":22},"end":{"line":201,"column":23}},"loc":{"start":{"line":201,"column":42},"end":{"line":218,"column":3}},"line":201}},"branchMap":{"0":{"loc":{"start":{"line":14,"column":6},"end":{"line":17,"column":7}},"type":"if","locations":[{"start":{"line":14,"column":6},"end":{"line":17,"column":7}},{"start":{},"end":{}}],"line":14},"1":{"loc":{"start":{"line":30,"column":6},"end":{"line":35,"column":7}},"type":"if","locations":[{"start":{"line":30,"column":6},"end":{"line":35,"column":7}},{"start":{},"end":{}}],"line":30},"2":{"loc":{"start":{"line":44,"column":6},"end":{"line":47,"column":7}},"type":"if","locations":[{"start":{"line":44,"column":6},"end":{"line":47,"column":7}},{"start":{},"end":{}}],"line":44},"3":{"loc":{"start":{"line":63,"column":6},"end":{"line":66,"column":7}},"type":"if","locations":[{"start":{"line":63,"column":6},"end":{"line":66,"column":7}},{"start":{},"end":{}}],"line":63},"4":{"loc":{"start":{"line":80,"column":6},"end":{"line":83,"column":7}},"type":"if","locations":[{"start":{"line":80,"column":6},"end":{"line":83,"column":7}},{"start":{},"end":{}}],"line":80},"5":{"loc":{"start":{"line":80,"column":10},"end":{"line":80,"column":43}},"type":"binary-expr","locations":[{"start":{"line":80,"column":10},"end":{"line":80,"column":18}},{"start":{"line":80,"column":22},"end":{"line":80,"column":43}}],"line":80},"6":{"loc":{"start":{"line":126,"column":6},"end":{"line":129,"column":7}},"type":"if","locations":[{"start":{"line":126,"column":6},"end":{"line":129,"column":7}},{"start":{},"end":{}}],"line":126},"7":{"loc":{"start":{"line":130,"column":6},"end":{"line":138,"column":7}},"type":"if","locations":[{"start":{"line":130,"column":6},"end":{"line":138,"column":7}},{"start":{},"end":{}}],"line":130},"8":{"loc":{"start":{"line":130,"column":10},"end":{"line":130,"column":64}},"type":"binary-expr","locations":[{"start":{"line":130,"column":10},"end":{"line":130,"column":25}},{"start":{"line":130,"column":29},"end":{"line":130,"column":64}}],"line":130},"9":{"loc":{"start":{"line":134,"column":8},"end":{"line":137,"column":9}},"type":"if","locations":[{"start":{"line":134,"column":8},"end":{"line":137,"column":9}},{"start":{},"end":{}}],"line":134},"10":{"loc":{"start":{"line":134,"column":12},"end":{"line":134,"column":77}},"type":"binary-expr","locations":[{"start":{"line":134,"column":12},"end":{"line":134,"column":29}},{"start":{"line":134,"column":33},"end":{"line":134,"column":77}}],"line":134},"11":{"loc":{"start":{"line":150,"column":6},"end":{"line":158,"column":7}},"type":"if","locations":[{"start":{"line":150,"column":6},"end":{"line":158,"column":7}},{"start":{},"end":{}}],"line":150},"12":{"loc":{"start":{"line":153,"column":10},"end":{"line":155,"column":11}},"type":"if","locations":[{"start":{"line":153,"column":10},"end":{"line":155,"column":11}},{"start":{},"end":{}}],"line":153},"13":{"loc":{"start":{"line":172,"column":6},"end":{"line":174,"column":7}},"type":"if","locations":[{"start":{"line":172,"column":6},"end":{"line":174,"column":7}},{"start":{},"end":{}}],"line":172},"14":{"loc":{"start":{"line":188,"column":6},"end":{"line":191,"column":7}},"type":"if","locations":[{"start":{"line":188,"column":6},"end":{"line":191,"column":7}},{"start":{},"end":{}}],"line":188},"15":{"loc":{"start":{"line":207,"column":6},"end":{"line":209,"column":7}},"type":"if","locations":[{"start":{"line":207,"column":6},"end":{"line":209,"column":7}},{"start":{},"end":{}}],"line":207}},"s":{"0":0,"1":0,"2":0,"3":0,"4":0,"5":0,"6":0,"7":0,"8":0,"9":0,"10":0,"11":0,"12":0,"13":0,"14":0,"15":0,"16":0,"17":0,"18":0,"19":0,"20":0,"21":0,"22":0,"23":0,"24":0,"25":0,"26":0,"27":0,"28":0,"29":0,"30":0,"31":0,"32":0,"33":0,"34":0,"35":0,"36":0,"37":0,"38":0,"39":0,"40":0,"41":0,"42":0,"43":0,"44":0,"45":0,"46":0,"47":0,"48":0,"49":0,"50":0,"51":0,"52":0,"53":0,"54":0,"55":0,"56":0,"57":0,"58":0,"59":0,"60":0,"61":0,"62":0,"63":0,"64":0,"65":0,"66":0,"67":0,"68":0,"69":0,"70":0,"71":0,"72":0,"73":0,"74":0,"75":0,"76":0,"77":0,"78":0,"79":0,"80":0,"81":0,"82":0,"83":0,"84":0,"85":0,"86":0,"87":0,"88":0,"89":0,"90":0,"91":0,"92":0,"93":0,"94":0,"95":0,"96":0,"97":0,"98":0,"99":0,"100":0},"f":{"0":0,"1":0,"2":0,"3":0,"4":0,"5":0,"6":0,"7":0,"8":0,"9":0,"10":0,"11":0,"12":0},"b":{"0":[0,0],"1":[0,0],"2":[0,0],"3":[0,0],"4":[0,0],"5":[0,0],"6":[0,0],"7":[0,0],"8":[0,0],"9":[0,0],"10":[0,0],"11":[0,0],"12":[0,0],"13":[0,0],"14":[0,0],"15":[0,0]}}
,"/home/matius/Escritorio/A-C-Soluciones-M-C/Backend/src/controllers/solicitud.controller.js": {"path":"/home/matius/Escritorio/A-C-Soluciones-M-C/Backend/src/controllers/solicitud.controller.js","statementMap":{"0":{"start":{"line":6,"column":8},"end":{"line":6,"column":41}},"1":{"start":{"line":10,"column":12},"end":{"line":37,"column":5}},"2":{"start":{"line":11,"column":8},"end":{"line":36,"column":9}},"3":{"start":{"line":12,"column":54},"end":{"line":12,"column":62}},"4":{"start":{"line":15,"column":34},"end":{"line":15,"column":90}},"5":{"start":{"line":16,"column":35},"end":{"line":16,"column":93}},"6":{"start":{"line":18,"column":12},"end":{"line":22,"column":13}},"7":{"start":{"line":19,"column":16},"end":{"line":21,"column":19}},"8":{"start":{"line":24,"column":35},"end":{"line":24,"column":78}},"9":{"start":{"line":25,"column":12},"end":{"line":25,"column":56}},"10":{"start":{"line":28,"column":12},"end":{"line":28,"column":33}},"11":{"start":{"line":30,"column":12},"end":{"line":33,"column":13}},"12":{"start":{"line":31,"column":33},"end":{"line":31,"column":69}},"13":{"start":{"line":31,"column":57},"end":{"line":31,"column":68}},"14":{"start":{"line":32,"column":16},"end":{"line":32,"column":66}},"15":{"start":{"line":35,"column":12},"end":{"line":35,"column":84}},"16":{"start":{"line":40,"column":19},"end":{"line":48,"column":5}},"17":{"start":{"line":41,"column":8},"end":{"line":47,"column":9}},"18":{"start":{"line":42,"column":32},"end":{"line":42,"column":74}},"19":{"start":{"line":43,"column":12},"end":{"line":43,"column":53}},"20":{"start":{"line":45,"column":12},"end":{"line":45,"column":33}},"21":{"start":{"line":46,"column":12},"end":{"line":46,"column":89}},"22":{"start":{"line":51,"column":19},"end":{"line":64,"column":5}},"23":{"start":{"line":52,"column":8},"end":{"line":63,"column":9}},"24":{"start":{"line":53,"column":30},"end":{"line":53,"column":85}},"25":{"start":{"line":55,"column":12},"end":{"line":57,"column":13}},"26":{"start":{"line":56,"column":16},"end":{"line":56,"column":84}},"27":{"start":{"line":59,"column":12},"end":{"line":59,"column":51}},"28":{"start":{"line":61,"column":12},"end":{"line":61,"column":33}},"29":{"start":{"line":62,"column":12},"end":{"line":62,"column":86}},"30":{"start":{"line":67,"column":24},"end":{"line":82,"column":5}},"31":{"start":{"line":68,"column":8},"end":{"line":81,"column":9}},"32":{"start":{"line":69,"column":32},"end":{"line":69,"column":100}},"33":{"start":{"line":71,"column":12},"end":{"line":75,"column":13}},"34":{"start":{"line":72,"column":16},"end":{"line":74,"column":19}},"35":{"start":{"line":77,"column":12},"end":{"line":77,"column":53}},"36":{"start":{"line":79,"column":12},"end":{"line":79,"column":33}},"37":{"start":{"line":80,"column":12},"end":{"line":80,"column":89}},"38":{"start":{"line":85,"column":23},"end":{"line":108,"column":5}},"39":{"start":{"line":86,"column":8},"end":{"line":107,"column":9}},"40":{"start":{"line":87,"column":31},"end":{"line":87,"column":39}},"41":{"start":{"line":88,"column":41},"end":{"line":91,"column":13}},"42":{"start":{"line":93,"column":12},"end":{"line":95,"column":13}},"43":{"start":{"line":94,"column":16},"end":{"line":94,"column":84}},"44":{"start":{"line":97,"column":12},"end":{"line":97,"column":62}},"45":{"start":{"line":99,"column":12},"end":{"line":99,"column":33}},"46":{"start":{"line":101,"column":12},"end":{"line":104,"column":13}},"47":{"start":{"line":102,"column":33},"end":{"line":102,"column":69}},"48":{"start":{"line":102,"column":57},"end":{"line":102,"column":68}},"49":{"start":{"line":103,"column":16},"end":{"line":103,"column":66}},"50":{"start":{"line":106,"column":12},"end":{"line":106,"column":89}},"51":{"start":{"line":111,"column":15},"end":{"line":124,"column":5}},"52":{"start":{"line":112,"column":8},"end":{"line":123,"column":9}},"53":{"start":{"line":113,"column":39},"end":{"line":113,"column":90}},"54":{"start":{"line":115,"column":12},"end":{"line":117,"column":13}},"55":{"start":{"line":116,"column":16},"end":{"line":116,"column":84}},"56":{"start":{"line":119,"column":12},"end":{"line":119,"column":90}},"57":{"start":{"line":121,"column":12},"end":{"line":121,"column":33}},"58":{"start":{"line":122,"column":12},"end":{"line":122,"column":87}}},"fnMap":{"0":{"name":"(anonymous_0)","decl":{"start":{"line":5,"column":4},"end":{"line":5,"column":5}},"loc":{"start":{"line":5,"column":51},"end":{"line":7,"column":5}},"line":5},"1":{"name":"(anonymous_1)","decl":{"start":{"line":10,"column":12},"end":{"line":10,"column":13}},"loc":{"start":{"line":10,"column":32},"end":{"line":37,"column":5}},"line":10},"2":{"name":"(anonymous_2)","decl":{"start":{"line":31,"column":50},"end":{"line":31,"column":51}},"loc":{"start":{"line":31,"column":57},"end":{"line":31,"column":68}},"line":31},"3":{"name":"(anonymous_3)","decl":{"start":{"line":40,"column":19},"end":{"line":40,"column":20}},"loc":{"start":{"line":40,"column":39},"end":{"line":48,"column":5}},"line":40},"4":{"name":"(anonymous_4)","decl":{"start":{"line":51,"column":19},"end":{"line":51,"column":20}},"loc":{"start":{"line":51,"column":39},"end":{"line":64,"column":5}},"line":51},"5":{"name":"(anonymous_5)","decl":{"start":{"line":67,"column":24},"end":{"line":67,"column":25}},"loc":{"start":{"line":67,"column":44},"end":{"line":82,"column":5}},"line":67},"6":{"name":"(anonymous_6)","decl":{"start":{"line":85,"column":23},"end":{"line":85,"column":24}},"loc":{"start":{"line":85,"column":43},"end":{"line":108,"column":5}},"line":85},"7":{"name":"(anonymous_7)","decl":{"start":{"line":102,"column":50},"end":{"line":102,"column":51}},"loc":{"start":{"line":102,"column":57},"end":{"line":102,"column":68}},"line":102},"8":{"name":"(anonymous_8)","decl":{"start":{"line":111,"column":15},"end":{"line":111,"column":16}},"loc":{"start":{"line":111,"column":35},"end":{"line":124,"column":5}},"line":111}},"branchMap":{"0":{"loc":{"start":{"line":5,"column":16},"end":{"line":5,"column":49}},"type":"default-arg","locations":[{"start":{"line":5,"column":27},"end":{"line":5,"column":49}}],"line":5},"1":{"loc":{"start":{"line":18,"column":12},"end":{"line":22,"column":13}},"type":"if","locations":[{"start":{"line":18,"column":12},"end":{"line":22,"column":13}},{"start":{},"end":{}}],"line":18},"2":{"loc":{"start":{"line":18,"column":16},"end":{"line":18,"column":49}},"type":"binary-expr","locations":[{"start":{"line":18,"column":16},"end":{"line":18,"column":30}},{"start":{"line":18,"column":34},"end":{"line":18,"column":49}}],"line":18},"3":{"loc":{"start":{"line":30,"column":12},"end":{"line":33,"column":13}},"type":"if","locations":[{"start":{"line":30,"column":12},"end":{"line":33,"column":13}},{"start":{},"end":{}}],"line":30},"4":{"loc":{"start":{"line":55,"column":12},"end":{"line":57,"column":13}},"type":"if","locations":[{"start":{"line":55,"column":12},"end":{"line":57,"column":13}},{"start":{},"end":{}}],"line":55},"5":{"loc":{"start":{"line":71,"column":12},"end":{"line":75,"column":13}},"type":"if","locations":[{"start":{"line":71,"column":12},"end":{"line":75,"column":13}},{"start":{},"end":{}}],"line":71},"6":{"loc":{"start":{"line":71,"column":16},"end":{"line":71,"column":56}},"type":"binary-expr","locations":[{"start":{"line":71,"column":16},"end":{"line":71,"column":28}},{"start":{"line":71,"column":32},"end":{"line":71,"column":56}}],"line":71},"7":{"loc":{"start":{"line":93,"column":12},"end":{"line":95,"column":13}},"type":"if","locations":[{"start":{"line":93,"column":12},"end":{"line":95,"column":13}},{"start":{},"end":{}}],"line":93},"8":{"loc":{"start":{"line":101,"column":12},"end":{"line":104,"column":13}},"type":"if","locations":[{"start":{"line":101,"column":12},"end":{"line":104,"column":13}},{"start":{},"end":{}}],"line":101},"9":{"loc":{"start":{"line":115,"column":12},"end":{"line":117,"column":13}},"type":"if","locations":[{"start":{"line":115,"column":12},"end":{"line":117,"column":13}},{"start":{},"end":{}}],"line":115}},"s":{"0":0,"1":0,"2":0,"3":0,"4":0,"5":0,"6":0,"7":0,"8":0,"9":0,"10":0,"11":0,"12":0,"13":0,"14":0,"15":0,"16":0,"17":0,"18":0,"19":0,"20":0,"21":0,"22":0,"23":0,"24":0,"25":0,"26":0,"27":0,"28":0,"29":0,"30":0,"31":0,"32":0,"33":0,"34":0,"35":0,"36":0,"37":0,"38":0,"39":0,"40":0,"41":0,"42":0,"43":0,"44":0,"45":0,"46":0,"47":0,"48":0,"49":0,"50":0,"51":0,"52":0,"53":0,"54":0,"55":0,"56":0,"57":0,"58":0},"f":{"0":0,"1":0,"2":0,"3":0,"4":0,"5":0,"6":0,"7":0,"8":0},"b":{"0":[0],"1":[0,0],"2":[0,0],"3":[0,0],"4":[0,0],"5":[0,0],"6":[0,0],"7":[0,0],"8":[0,0],"9":[0,0]}}
,"/home/matius/Escritorio/A-C-Soluciones-M-C/Backend/src/controllers/tecnico.controller.js": {"path":"/home/matius/Escritorio/A-C-Soluciones-M-C/Backend/src/controllers/tecnico.controller.js","statementMap":{"0":{"start":{"line":6,"column":4},"end":{"line":6,"column":47}},"1":{"start":{"line":10,"column":17},"end":{"line":42,"column":3}},"2":{"start":{"line":11,"column":4},"end":{"line":41,"column":5}},"3":{"start":{"line":12,"column":35},"end":{"line":12,"column":43}},"4":{"start":{"line":15,"column":31},"end":{"line":15,"column":98}},"5":{"start":{"line":17,"column":6},"end":{"line":19,"column":7}},"6":{"start":{"line":18,"column":8},"end":{"line":18,"column":83}},"7":{"start":{"line":22,"column":27},"end":{"line":22,"column":75}},"8":{"start":{"line":23,"column":6},"end":{"line":23,"column":48}},"9":{"start":{"line":26,"column":6},"end":{"line":26,"column":27}},"10":{"start":{"line":28,"column":6},"end":{"line":37,"column":7}},"11":{"start":{"line":29,"column":28},"end":{"line":29,"column":30}},"12":{"start":{"line":30,"column":8},"end":{"line":34,"column":9}},"13":{"start":{"line":31,"column":10},"end":{"line":33,"column":11}},"14":{"start":{"line":32,"column":12},"end":{"line":32,"column":48}},"15":{"start":{"line":36,"column":8},"end":{"line":36,"column":61}},"16":{"start":{"line":40,"column":6},"end":{"line":40,"column":78}},"17":{"start":{"line":45,"column":24},"end":{"line":57,"column":3}},"18":{"start":{"line":46,"column":4},"end":{"line":56,"column":5}},"19":{"start":{"line":47,"column":22},"end":{"line":47,"column":82}},"20":{"start":{"line":48,"column":6},"end":{"line":50,"column":7}},"21":{"start":{"line":49,"column":8},"end":{"line":49,"column":76}},"22":{"start":{"line":51,"column":6},"end":{"line":51,"column":43}},"23":{"start":{"line":53,"column":6},"end":{"line":53,"column":27}},"24":{"start":{"line":55,"column":6},"end":{"line":55,"column":80}},"25":{"start":{"line":59,"column":28},"end":{"line":73,"column":3}},"26":{"start":{"line":60,"column":4},"end":{"line":72,"column":5}},"27":{"start":{"line":61,"column":22},"end":{"line":61,"column":100}},"28":{"start":{"line":63,"column":6},"end":{"line":65,"column":7}},"29":{"start":{"line":64,"column":8},"end":{"line":64,"column":75}},"30":{"start":{"line":67,"column":6},"end":{"line":67,"column":47}},"31":{"start":{"line":70,"column":6},"end":{"line":70,"column":27}},"32":{"start":{"line":71,"column":6},"end":{"line":71,"column":79}},"33":{"start":{"line":76,"column":20},"end":{"line":84,"column":3}},"34":{"start":{"line":77,"column":4},"end":{"line":83,"column":5}},"35":{"start":{"line":78,"column":23},"end":{"line":78,"column":66}},"36":{"start":{"line":79,"column":6},"end":{"line":79,"column":44}},"37":{"start":{"line":81,"column":6},"end":{"line":81,"column":27}},"38":{"start":{"line":82,"column":6},"end":{"line":82,"column":82}},"39":{"start":{"line":86,"column":22},"end":{"line":107,"column":3}},"40":{"start":{"line":87,"column":4},"end":{"line":106,"column":5}},"41":{"start":{"line":88,"column":33},"end":{"line":88,"column":101}},"42":{"start":{"line":89,"column":6},"end":{"line":91,"column":7}},"43":{"start":{"line":90,"column":8},"end":{"line":90,"column":76}},"44":{"start":{"line":92,"column":6},"end":{"line":92,"column":54}},"45":{"start":{"line":94,"column":6},"end":{"line":94,"column":27}},"46":{"start":{"line":95,"column":6},"end":{"line":104,"column":7}},"47":{"start":{"line":96,"column":28},"end":{"line":96,"column":30}},"48":{"start":{"line":97,"column":8},"end":{"line":101,"column":9}},"49":{"start":{"line":98,"column":10},"end":{"line":100,"column":11}},"50":{"start":{"line":99,"column":12},"end":{"line":99,"column":48}},"51":{"start":{"line":103,"column":8},"end":{"line":103,"column":61}},"52":{"start":{"line":105,"column":6},"end":{"line":105,"column":83}},"53":{"start":{"line":109,"column":20},"end":{"line":120,"column":3}},"54":{"start":{"line":110,"column":4},"end":{"line":119,"column":5}},"55":{"start":{"line":111,"column":31},"end":{"line":111,"column":87}},"56":{"start":{"line":112,"column":6},"end":{"line":114,"column":7}},"57":{"start":{"line":113,"column":8},"end":{"line":113,"column":76}},"58":{"start":{"line":115,"column":6},"end":{"line":115,"column":84}},"59":{"start":{"line":117,"column":6},"end":{"line":117,"column":27}},"60":{"start":{"line":118,"column":6},"end":{"line":118,"column":81}}},"fnMap":{"0":{"name":"(anonymous_0)","decl":{"start":{"line":5,"column":2},"end":{"line":5,"column":3}},"loc":{"start":{"line":5,"column":16},"end":{"line":7,"column":3}},"line":5},"1":{"name":"(anonymous_1)","decl":{"start":{"line":10,"column":17},"end":{"line":10,"column":18}},"loc":{"start":{"line":10,"column":37},"end":{"line":42,"column":3}},"line":10},"2":{"name":"(anonymous_2)","decl":{"start":{"line":45,"column":24},"end":{"line":45,"column":25}},"loc":{"start":{"line":45,"column":44},"end":{"line":57,"column":3}},"line":45},"3":{"name":"(anonymous_3)","decl":{"start":{"line":59,"column":28},"end":{"line":59,"column":29}},"loc":{"start":{"line":59,"column":48},"end":{"line":73,"column":3}},"line":59},"4":{"name":"(anonymous_4)","decl":{"start":{"line":76,"column":20},"end":{"line":76,"column":21}},"loc":{"start":{"line":76,"column":40},"end":{"line":84,"column":3}},"line":76},"5":{"name":"(anonymous_5)","decl":{"start":{"line":86,"column":22},"end":{"line":86,"column":23}},"loc":{"start":{"line":86,"column":42},"end":{"line":107,"column":3}},"line":86},"6":{"name":"(anonymous_6)","decl":{"start":{"line":109,"column":20},"end":{"line":109,"column":21}},"loc":{"start":{"line":109,"column":40},"end":{"line":120,"column":3}},"line":109}},"branchMap":{"0":{"loc":{"start":{"line":17,"column":6},"end":{"line":19,"column":7}},"type":"if","locations":[{"start":{"line":17,"column":6},"end":{"line":19,"column":7}},{"start":{},"end":{}}],"line":17},"1":{"loc":{"start":{"line":28,"column":6},"end":{"line":37,"column":7}},"type":"if","locations":[{"start":{"line":28,"column":6},"end":{"line":37,"column":7}},{"start":{},"end":{}}],"line":28},"2":{"loc":{"start":{"line":31,"column":10},"end":{"line":33,"column":11}},"type":"if","locations":[{"start":{"line":31,"column":10},"end":{"line":33,"column":11}},{"start":{},"end":{}}],"line":31},"3":{"loc":{"start":{"line":48,"column":6},"end":{"line":50,"column":7}},"type":"if","locations":[{"start":{"line":48,"column":6},"end":{"line":50,"column":7}},{"start":{},"end":{}}],"line":48},"4":{"loc":{"start":{"line":63,"column":6},"end":{"line":65,"column":7}},"type":"if","locations":[{"start":{"line":63,"column":6},"end":{"line":65,"column":7}},{"start":{},"end":{}}],"line":63},"5":{"loc":{"start":{"line":89,"column":6},"end":{"line":91,"column":7}},"type":"if","locations":[{"start":{"line":89,"column":6},"end":{"line":91,"column":7}},{"start":{},"end":{}}],"line":89},"6":{"loc":{"start":{"line":95,"column":6},"end":{"line":104,"column":7}},"type":"if","locations":[{"start":{"line":95,"column":6},"end":{"line":104,"column":7}},{"start":{},"end":{}}],"line":95},"7":{"loc":{"start":{"line":98,"column":10},"end":{"line":100,"column":11}},"type":"if","locations":[{"start":{"line":98,"column":10},"end":{"line":100,"column":11}},{"start":{},"end":{}}],"line":98},"8":{"loc":{"start":{"line":112,"column":6},"end":{"line":114,"column":7}},"type":"if","locations":[{"start":{"line":112,"column":6},"end":{"line":114,"column":7}},{"start":{},"end":{}}],"line":112}},"s":{"0":0,"1":0,"2":0,"3":0,"4":0,"5":0,"6":0,"7":0,"8":0,"9":0,"10":0,"11":0,"12":0,"13":0,"14":0,"15":0,"16":0,"17":0,"18":0,"19":0,"20":0,"21":0,"22":0,"23":0,"24":0,"25":0,"26":0,"27":0,"28":0,"29":0,"30":0,"31":0,"32":0,"33":0,"34":0,"35":0,"36":0,"37":0,"38":0,"39":0,"40":0,"41":0,"42":0,"43":0,"44":0,"45":0,"46":0,"47":0,"48":0,"49":0,"50":0,"51":0,"52":0,"53":0,"54":0,"55":0,"56":0,"57":0,"58":0,"59":0,"60":0},"f":{"0":0,"1":0,"2":0,"3":0,"4":0,"5":0,"6":0},"b":{"0":[0,0],"1":[0,0],"2":[0,0],"3":[0,0],"4":[0,0],"5":[0,0],"6":[0,0],"7":[0,0],"8":[0,0]}}
,"/home/matius/Escritorio/A-C-Soluciones-M-C/Backend/src/controllers/usuario.controller.js": {"path":"/home/matius/Escritorio/A-C-Soluciones-M-C/Backend/src/controllers/usuario.controller.js","statementMap":{"0":{"start":{"line":5,"column":4},"end":{"line":5,"column":41}},"1":{"start":{"line":7,"column":4},"end":{"line":7,"column":61}},"2":{"start":{"line":8,"column":4},"end":{"line":8,"column":55}},"3":{"start":{"line":9,"column":4},"end":{"line":9,"column":65}},"4":{"start":{"line":12,"column":10},"end":{"line":23,"column":3}},"5":{"start":{"line":13,"column":4},"end":{"line":22,"column":5}},"6":{"start":{"line":14,"column":50},"end":{"line":14,"column":58}},"7":{"start":{"line":16,"column":21},"end":{"line":16,"column":82}},"8":{"start":{"line":18,"column":6},"end":{"line":18,"column":42}},"9":{"start":{"line":20,"column":6},"end":{"line":20,"column":27}},"10":{"start":{"line":21,"column":6},"end":{"line":21,"column":93}},"11":{"start":{"line":25,"column":11},"end":{"line":39,"column":3}},"12":{"start":{"line":26,"column":4},"end":{"line":38,"column":5}},"13":{"start":{"line":27,"column":20},"end":{"line":27,"column":60}},"14":{"start":{"line":29,"column":6},"end":{"line":31,"column":7}},"15":{"start":{"line":30,"column":8},"end":{"line":30,"column":75}},"16":{"start":{"line":33,"column":22},"end":{"line":33,"column":63}},"17":{"start":{"line":34,"column":6},"end":{"line":34,"column":43}},"18":{"start":{"line":36,"column":6},"end":{"line":36,"column":27}},"19":{"start":{"line":37,"column":6},"end":{"line":37,"column":76}},"20":{"start":{"line":42,"column":33},"end":{"line":42,"column":41}},"21":{"start":{"line":43,"column":17},"end":{"line":43,"column":57}},"22":{"start":{"line":45,"column":2},"end":{"line":50,"column":3}},"23":{"start":{"line":46,"column":4},"end":{"line":49,"column":7}},"24":{"start":{"line":52,"column":2},"end":{"line":57,"column":3}},"25":{"start":{"line":53,"column":4},"end":{"line":53,"column":52}},"26":{"start":{"line":54,"column":4},"end":{"line":54,"column":69}},"27":{"start":{"line":56,"column":4},"end":{"line":56,"column":69}},"28":{"start":{"line":61,"column":17},"end":{"line":61,"column":63}},"29":{"start":{"line":62,"column":26},"end":{"line":62,"column":34}},"30":{"start":{"line":64,"column":15},"end":{"line":64,"column":54}},"31":{"start":{"line":67,"column":2},"end":{"line":72,"column":3}},"32":{"start":{"line":68,"column":4},"end":{"line":68,"column":68}},"33":{"start":{"line":69,"column":4},"end":{"line":69,"column":67}},"34":{"start":{"line":71,"column":4},"end":{"line":71,"column":69}},"35":{"start":{"line":76,"column":17},"end":{"line":76,"column":63}},"36":{"start":{"line":78,"column":15},"end":{"line":78,"column":54}},"37":{"start":{"line":80,"column":2},"end":{"line":85,"column":3}},"38":{"start":{"line":81,"column":4},"end":{"line":81,"column":60}},"39":{"start":{"line":82,"column":4},"end":{"line":82,"column":58}},"40":{"start":{"line":84,"column":4},"end":{"line":84,"column":69}}},"fnMap":{"0":{"name":"(anonymous_0)","decl":{"start":{"line":4,"column":2},"end":{"line":4,"column":3}},"loc":{"start":{"line":4,"column":16},"end":{"line":10,"column":3}},"line":4},"1":{"name":"(anonymous_1)","decl":{"start":{"line":12,"column":10},"end":{"line":12,"column":11}},"loc":{"start":{"line":12,"column":30},"end":{"line":23,"column":3}},"line":12},"2":{"name":"(anonymous_2)","decl":{"start":{"line":25,"column":11},"end":{"line":25,"column":12}},"loc":{"start":{"line":25,"column":31},"end":{"line":39,"column":3}},"line":25},"3":{"name":"(anonymous_3)","decl":{"start":{"line":41,"column":0},"end":{"line":41,"column":1}},"loc":{"start":{"line":41,"column":33},"end":{"line":58,"column":1}},"line":41},"4":{"name":"(anonymous_4)","decl":{"start":{"line":60,"column":0},"end":{"line":60,"column":1}},"loc":{"start":{"line":60,"column":30},"end":{"line":73,"column":1}},"line":60},"5":{"name":"(anonymous_5)","decl":{"start":{"line":75,"column":0},"end":{"line":75,"column":1}},"loc":{"start":{"line":75,"column":35},"end":{"line":86,"column":1}},"line":75}},"branchMap":{"0":{"loc":{"start":{"line":21,"column":45},"end":{"line":21,"column":89}},"type":"binary-expr","locations":[{"start":{"line":21,"column":45},"end":{"line":21,"column":58}},{"start":{"line":21,"column":62},"end":{"line":21,"column":89}}],"line":21},"1":{"loc":{"start":{"line":29,"column":6},"end":{"line":31,"column":7}},"type":"if","locations":[{"start":{"line":29,"column":6},"end":{"line":31,"column":7}},{"start":{},"end":{}}],"line":29},"2":{"loc":{"start":{"line":45,"column":2},"end":{"line":50,"column":3}},"type":"if","locations":[{"start":{"line":45,"column":2},"end":{"line":50,"column":3}},{"start":{},"end":{}}],"line":45},"3":{"loc":{"start":{"line":61,"column":17},"end":{"line":61,"column":63}},"type":"binary-expr","locations":[{"start":{"line":61,"column":17},"end":{"line":61,"column":32}},{"start":{"line":61,"column":36},"end":{"line":61,"column":63}}],"line":61},"4":{"loc":{"start":{"line":64,"column":15},"end":{"line":64,"column":54}},"type":"binary-expr","locations":[{"start":{"line":64,"column":15},"end":{"line":64,"column":28}},{"start":{"line":64,"column":32},"end":{"line":64,"column":54}}],"line":64},"5":{"loc":{"start":{"line":76,"column":17},"end":{"line":76,"column":63}},"type":"binary-expr","locations":[{"start":{"line":76,"column":17},"end":{"line":76,"column":32}},{"start":{"line":76,"column":36},"end":{"line":76,"column":63}}],"line":76},"6":{"loc":{"start":{"line":78,"column":15},"end":{"line":78,"column":54}},"type":"binary-expr","locations":[{"start":{"line":78,"column":15},"end":{"line":78,"column":28}},{"start":{"line":78,"column":32},"end":{"line":78,"column":54}}],"line":78}},"s":{"0":0,"1":0,"2":0,"3":0,"4":0,"5":0,"6":0,"7":0,"8":0,"9":0,"10":0,"11":0,"12":0,"13":0,"14":0,"15":0,"16":0,"17":0,"18":0,"19":0,"20":0,"21":0,"22":0,"23":0,"24":0,"25":0,"26":0,"27":0,"28":0,"29":0,"30":0,"31":0,"32":0,"33":0,"34":0,"35":0,"36":0,"37":0,"38":0,"39":0,"40":0},"f":{"0":0,"1":0,"2":0,"3":0,"4":0,"5":0},"b":{"0":[0,0],"1":[0,0],"2":[0,0],"3":[0,0],"4":[0,0],"5":[0,0],"6":[0,0]}}
,"/home/matius/Escritorio/A-C-Soluciones-M-C/Backend/src/controllers/visita.controller.js": {"path":"/home/matius/Escritorio/A-C-Soluciones-M-C/Backend/src/controllers/visita.controller.js","statementMap":{"0":{"start":{"line":6,"column":4},"end":{"line":6,"column":45}},"1":{"start":{"line":9,"column":16},"end":{"line":44,"column":3}},"2":{"start":{"line":10,"column":4},"end":{"line":43,"column":5}},"3":{"start":{"line":11,"column":6},"end":{"line":16,"column":7}},"4":{"start":{"line":12,"column":8},"end":{"line":15,"column":11}},"5":{"start":{"line":17,"column":21},"end":{"line":17,"column":67}},"6":{"start":{"line":18,"column":6},"end":{"line":21,"column":9}},"7":{"start":{"line":23,"column":6},"end":{"line":23,"column":53}},"8":{"start":{"line":24,"column":6},"end":{"line":32,"column":7}},"9":{"start":{"line":25,"column":30},"end":{"line":25,"column":32}},"10":{"start":{"line":26,"column":10},"end":{"line":30,"column":13}},"11":{"start":{"line":27,"column":14},"end":{"line":29,"column":15}},"12":{"start":{"line":28,"column":18},"end":{"line":28,"column":54}},"13":{"start":{"line":31,"column":10},"end":{"line":31,"column":63}},"14":{"start":{"line":34,"column":27},"end":{"line":34,"column":76}},"15":{"start":{"line":35,"column":6},"end":{"line":37,"column":7}},"16":{"start":{"line":36,"column":8},"end":{"line":36,"column":38}},"17":{"start":{"line":39,"column":6},"end":{"line":42,"column":9}},"18":{"start":{"line":46,"column":19},"end":{"line":67,"column":3}},"19":{"start":{"line":47,"column":4},"end":{"line":66,"column":5}},"20":{"start":{"line":48,"column":6},"end":{"line":51,"column":7}},"21":{"start":{"line":49,"column":24},"end":{"line":49,"column":65}},"22":{"start":{"line":50,"column":8},"end":{"line":50,"column":70}},"23":{"start":{"line":52,"column":6},"end":{"line":55,"column":7}},"24":{"start":{"line":53,"column":24},"end":{"line":53,"column":86}},"25":{"start":{"line":54,"column":8},"end":{"line":54,"column":70}},"26":{"start":{"line":56,"column":6},"end":{"line":59,"column":9}},"27":{"start":{"line":61,"column":6},"end":{"line":61,"column":56}},"28":{"start":{"line":62,"column":6},"end":{"line":65,"column":9}},"29":{"start":{"line":69,"column":23},"end":{"line":92,"column":3}},"30":{"start":{"line":70,"column":4},"end":{"line":91,"column":5}},"31":{"start":{"line":71,"column":21},"end":{"line":71,"column":79}},"32":{"start":{"line":74,"column":6},"end":{"line":79,"column":7}},"33":{"start":{"line":75,"column":8},"end":{"line":78,"column":11}},"34":{"start":{"line":81,"column":6},"end":{"line":84,"column":9}},"35":{"start":{"line":86,"column":6},"end":{"line":86,"column":55}},"36":{"start":{"line":87,"column":6},"end":{"line":90,"column":9}},"37":{"start":{"line":94,"column":31},"end":{"line":108,"column":3}},"38":{"start":{"line":95,"column":4},"end":{"line":107,"column":5}},"39":{"start":{"line":96,"column":22},"end":{"line":96,"column":101}},"40":{"start":{"line":97,"column":6},"end":{"line":100,"column":9}},"41":{"start":{"line":102,"column":6},"end":{"line":102,"column":70}},"42":{"start":{"line":103,"column":6},"end":{"line":106,"column":9}},"43":{"start":{"line":110,"column":21},"end":{"line":132,"column":3}},"44":{"start":{"line":111,"column":4},"end":{"line":131,"column":5}},"45":{"start":{"line":113,"column":6},"end":{"line":118,"column":7}},"46":{"start":{"line":114,"column":8},"end":{"line":117,"column":11}},"47":{"start":{"line":120,"column":32},"end":{"line":120,"column":98}},"48":{"start":{"line":121,"column":6},"end":{"line":124,"column":9}},"49":{"start":{"line":126,"column":6},"end":{"line":126,"column":58}},"50":{"start":{"line":127,"column":6},"end":{"line":130,"column":9}},"51":{"start":{"line":134,"column":19},"end":{"line":168,"column":3}},"52":{"start":{"line":135,"column":4},"end":{"line":167,"column":5}},"53":{"start":{"line":137,"column":6},"end":{"line":142,"column":7}},"54":{"start":{"line":138,"column":8},"end":{"line":141,"column":11}},"55":{"start":{"line":144,"column":6},"end":{"line":149,"column":7}},"56":{"start":{"line":145,"column":8},"end":{"line":148,"column":11}},"57":{"start":{"line":151,"column":30},"end":{"line":151,"column":101}},"58":{"start":{"line":152,"column":6},"end":{"line":155,"column":9}},"59":{"start":{"line":157,"column":6},"end":{"line":157,"column":56}},"60":{"start":{"line":159,"column":25},"end":{"line":159,"column":54}},"61":{"start":{"line":160,"column":6},"end":{"line":162,"column":7}},"62":{"start":{"line":161,"column":8},"end":{"line":161,"column":37}},"63":{"start":{"line":163,"column":6},"end":{"line":166,"column":9}},"64":{"start":{"line":170,"column":31},"end":{"line":197,"column":3}},"65":{"start":{"line":171,"column":4},"end":{"line":196,"column":5}},"66":{"start":{"line":172,"column":34},"end":{"line":172,"column":43}},"67":{"start":{"line":173,"column":6},"end":{"line":178,"column":7}},"68":{"start":{"line":174,"column":8},"end":{"line":177,"column":11}},"69":{"start":{"line":180,"column":23},"end":{"line":180,"column":91}},"70":{"start":{"line":181,"column":6},"end":{"line":184,"column":9}},"71":{"start":{"line":186,"column":6},"end":{"line":186,"column":69}},"72":{"start":{"line":188,"column":44},"end":{"line":188,"column":82}},"73":{"start":{"line":189,"column":6},"end":{"line":191,"column":7}},"74":{"start":{"line":190,"column":8},"end":{"line":190,"column":53}},"75":{"start":{"line":192,"column":6},"end":{"line":195,"column":9}},"76":{"start":{"line":200,"column":30},"end":{"line":231,"column":3}},"77":{"start":{"line":201,"column":4},"end":{"line":230,"column":5}},"78":{"start":{"line":203,"column":6},"end":{"line":208,"column":7}},"79":{"start":{"line":204,"column":8},"end":{"line":207,"column":11}},"80":{"start":{"line":210,"column":25},"end":{"line":210,"column":36}},"81":{"start":{"line":211,"column":22},"end":{"line":211,"column":85}},"82":{"start":{"line":213,"column":6},"end":{"line":218,"column":9}},"83":{"start":{"line":220,"column":6},"end":{"line":220,"column":68}},"84":{"start":{"line":222,"column":25},"end":{"line":222,"column":63}},"85":{"start":{"line":223,"column":6},"end":{"line":225,"column":7}},"86":{"start":{"line":224,"column":8},"end":{"line":224,"column":36}},"87":{"start":{"line":226,"column":6},"end":{"line":229,"column":9}},"88":{"start":{"line":234,"column":33},"end":{"line":272,"column":3}},"89":{"start":{"line":235,"column":4},"end":{"line":271,"column":5}},"90":{"start":{"line":237,"column":6},"end":{"line":242,"column":7}},"91":{"start":{"line":238,"column":8},"end":{"line":241,"column":11}},"92":{"start":{"line":244,"column":25},"end":{"line":244,"column":36}},"93":{"start":{"line":245,"column":24},"end":{"line":245,"column":37}},"94":{"start":{"line":247,"column":21},"end":{"line":247,"column":97}},"95":{"start":{"line":249,"column":6},"end":{"line":254,"column":7}},"96":{"start":{"line":250,"column":8},"end":{"line":253,"column":11}},"97":{"start":{"line":256,"column":6},"end":{"line":260,"column":9}},"98":{"start":{"line":262,"column":6},"end":{"line":262,"column":73}},"99":{"start":{"line":263,"column":43},"end":{"line":263,"column":87}},"100":{"start":{"line":264,"column":6},"end":{"line":266,"column":7}},"101":{"start":{"line":265,"column":8},"end":{"line":265,"column":54}},"102":{"start":{"line":267,"column":6},"end":{"line":270,"column":9}}},"fnMap":{"0":{"name":"(anonymous_0)","decl":{"start":{"line":5,"column":2},"end":{"line":5,"column":3}},"loc":{"start":{"line":5,"column":16},"end":{"line":7,"column":3}},"line":5},"1":{"name":"(anonymous_1)","decl":{"start":{"line":9,"column":16},"end":{"line":9,"column":17}},"loc":{"start":{"line":9,"column":36},"end":{"line":44,"column":3}},"line":9},"2":{"name":"(anonymous_2)","decl":{"start":{"line":26,"column":31},"end":{"line":26,"column":32}},"loc":{"start":{"line":26,"column":40},"end":{"line":30,"column":11}},"line":26},"3":{"name":"(anonymous_3)","decl":{"start":{"line":46,"column":19},"end":{"line":46,"column":20}},"loc":{"start":{"line":46,"column":39},"end":{"line":67,"column":3}},"line":46},"4":{"name":"(anonymous_4)","decl":{"start":{"line":69,"column":23},"end":{"line":69,"column":24}},"loc":{"start":{"line":69,"column":43},"end":{"line":92,"column":3}},"line":69},"5":{"name":"(anonymous_5)","decl":{"start":{"line":94,"column":31},"end":{"line":94,"column":32}},"loc":{"start":{"line":94,"column":51},"end":{"line":108,"column":3}},"line":94},"6":{"name":"(anonymous_6)","decl":{"start":{"line":110,"column":21},"end":{"line":110,"column":22}},"loc":{"start":{"line":110,"column":41},"end":{"line":132,"column":3}},"line":110},
[...]
,"/home/matius/Escritorio/A-C-Soluciones-M-C/Backend/src/services/usuario.services.js": {"path":"/home/matius/Escritorio/A-C-Soluciones-M-C/Backend/src/services/usuario.services.js","statementMap":{"0":{"start":{"line":10,"column":4},"end":{"line":92,"column":5}},"1":{"start":{"line":12,"column":6},"end":{"line":14,"column":7}},"2":{"start":{"line":13,"column":8},"end":{"line":13,"column":62}},"3":{"start":{"line":16,"column":40},"end":{"line":30,"column":8}},"4":{"start":{"line":32,"column":19},"end":{"line":32,"column":46}},"5":{"start":{"line":33,"column":6},"end":{"line":35,"column":7}},"6":{"start":{"line":34,"column":8},"end":{"line":34,"column":49}},"7":{"start":{"line":38,"column":6},"end":{"line":40,"column":7}},"8":{"start":{"line":39,"column":8},"end":{"line":39,"column":79}},"9":{"start":{"line":42,"column":6},"end":{"line":44,"column":7}},"10":{"start":{"line":43,"column":8},"end":{"line":43,"column":84}},"11":{"start":{"line":46,"column":6},"end":{"line":48,"column":7}},"12":{"start":{"line":47,"column":8},"end":{"line":47,"column":78}},"13":{"start":{"line":53,"column":6},"end":{"line":55,"column":7}},"14":{"start":{"line":54,"column":8},"end":{"line":54,"column":72}},"15":{"start":{"line":57,"column":28},"end":{"line":57,"column":86}},"16":{"start":{"line":58,"column":6},"end":{"line":60,"column":7}},"17":{"start":{"line":59,"column":8},"end":{"line":59,"column":49}},"18":{"start":{"line":63,"column":20},"end":{"line":73,"column":7}},"19":{"start":{"line":75,"column":6},"end":{"line":84,"column":8}},"20":{"start":{"line":86,"column":6},"end":{"line":90,"column":9}},"21":{"start":{"line":91,"column":6},"end":{"line":91,"column":18}},"22":{"start":{"line":96,"column":4},"end":{"line":112,"column":5}},"23":{"start":{"line":97,"column":22},"end":{"line":97,"column":63}},"24":{"start":{"line":100,"column":6},"end":{"line":102,"column":7}},"25":{"start":{"line":101,"column":8},"end":{"line":101,"column":65}},"26":{"start":{"line":104,"column":6},"end":{"line":104,"column":21}},"27":{"start":{"line":106,"column":6},"end":{"line":110,"column":9}},"28":{"start":{"line":111,"column":6},"end":{"line":111,"column":18}},"29":{"start":{"line":117,"column":2},"end":{"line":119,"column":3}},"30":{"start":{"line":118,"column":4},"end":{"line":118,"column":46}},"31":{"start":{"line":121,"column":28},"end":{"line":121,"column":55}},"32":{"start":{"line":123,"column":15},"end":{"line":123,"column":61}},"33":{"start":{"line":124,"column":2},"end":{"line":124,"column":54}},"34":{"start":{"line":124,"column":13},"end":{"line":124,"column":54}},"35":{"start":{"line":126,"column":15},"end":{"line":126,"column":69}},"36":{"start":{"line":127,"column":18},"end":{"line":127,"column":55}},"37":{"start":{"line":129,"column":2},"end":{"line":132,"column":5}},"38":{"start":{"line":134,"column":24},"end":{"line":134,"column":54}},"39":{"start":{"line":135,"column":4},"end":{"line":135,"column":80}},"40":{"start":{"line":137,"column":24},"end":{"line":137,"column":64}},"41":{"start":{"line":139,"column":4},"end":{"line":162,"column":7}},"42":{"start":{"line":167,"column":19},"end":{"line":167,"column":59}},"43":{"start":{"line":168,"column":17},"end":{"line":168,"column":52}},"44":{"start":{"line":169,"column":4},"end":{"line":169,"column":56}},"45":{"start":{"line":169,"column":15},"end":{"line":169,"column":56}},"46":{"start":{"line":171,"column":4},"end":{"line":177,"column":5}},"47":{"start":{"line":176,"column":6},"end":{"line":176,"column":52}},"48":{"start":{"line":179,"column":19},"end":{"line":179,"column":60}},"49":{"start":{"line":180,"column":4},"end":{"line":184,"column":7}},"50":{"start":{"line":190,"column":2},"end":{"line":192,"column":3}},"51":{"start":{"line":191,"column":4},"end":{"line":191,"column":80}},"52":{"start":{"line":193,"column":17},"end":{"line":193,"column":56}},"53":{"start":{"line":195,"column":15},"end":{"line":195,"column":50}},"54":{"start":{"line":196,"column":2},"end":{"line":196,"column":54}},"55":{"start":{"line":196,"column":13},"end":{"line":196,"column":54}},"56":{"start":{"line":198,"column":21},"end":{"line":198,"column":47}},"57":{"start":{"line":199,"column":20},"end":{"line":199,"column":32}},"58":{"start":{"line":201,"column":2},"end":{"line":201,"column":61}},"59":{"start":{"line":201,"column":19},"end":{"line":201,"column":61}},"60":{"start":{"line":203,"column":2},"end":{"line":205,"column":3}},"61":{"start":{"line":204,"column":4},"end":{"line":204,"column":41}},"62":{"start":{"line":207,"column":2},"end":{"line":209,"column":3}},"63":{"start":{"line":208,"column":4},"end":{"line":208,"column":39}},"64":{"start":{"line":211,"column":2},"end":{"line":211,"column":14}},"65":{"start":{"line":217,"column":38},"end":{"line":221,"column":6}},"66":{"start":{"line":222,"column":4},"end":{"line":222,"column":47}}},"fnMap":{"0":{"name":"(anonymous_0)","decl":{"start":{"line":9,"column":2},"end":{"line":9,"column":3}},"loc":{"start":{"line":9,"column":35},"end":{"line":93,"column":3}},"line":9},"1":{"name":"(anonymous_1)","decl":{"start":{"line":95,"column":2},"end":{"line":95,"column":3}},"loc":{"start":{"line":95,"column":27},"end":{"line":113,"column":3}},"line":95},"2":{"name":"(anonymous_2)","decl":{"start":{"line":116,"column":0},"end":{"line":116,"column":1}},"loc":{"start":{"line":116,"column":31},"end":{"line":163,"column":3}},"line":116},"3":{"name":"(anonymous_3)","decl":{"start":{"line":166,"column":2},"end":{"line":166,"column":3}},"loc":{"start":{"line":166,"column":61},"end":{"line":185,"column":3}},"line":166},"4":{"name":"(anonymous_4)","decl":{"start":{"line":189,"column":0},"end":{"line":189,"column":1}},"loc":{"start":{"line":189,"column":51},"end":{"line":212,"column":1}},"line":189},"5":{"name":"(anonymous_5)","decl":{"start":{"line":216,"column":2},"end":{"line":216,"column":3}},"loc":{"start":{"line":216,"column":33},"end":{"line":223,"column":3}},"line":216}},"branchMap":{"0":{"loc":{"start":{"line":12,"column":6},"end":{"line":14,"column":7}},"type":"if","locations":[{"start":{"line":12,"column":6},"end":{"line":14,"column":7}},{"start":{},"end":{}}],"line":12},"1":{"loc":{"start":{"line":12,"column":10},"end":{"line":12,"column":49}},"type":"binary-expr","locations":[{"start":{"line":12,"column":10},"end":{"line":12,"column":25}},{"start":{"line":12,"column":29},"end":{"line":12,"column":49}}],"line":12},"2":{"loc":{"start":{"line":32,"column":19},"end":{"line":32,"column":46}},"type":"binary-expr","locations":[{"start":{"line":32,"column":19},"end":{"line":32,"column":24}},{"start":{"line":32,"column":28},"end":{"line":32,"column":35}},{"start":{"line":32,"column":39},"end":{"line":32,"column":46}}],"line":32},"3":{"loc":{"start":{"line":33,"column":6},"end":{"line":35,"column":7}},"type":"if","locations":[{"start":{"line":33,"column":6},"end":{"line":35,"column":7}},{"start":{},"end":{}}],"line":33},"4":{"loc":{"start":{"line":38,"column":6},"end":{"line":40,"column":7}},"type":"if","locations":[{"start":{"line":38,"column":6},"end":{"line":40,"column":7}},{"start":{},"end":{}}],"line":38},"5":{"loc":{"start":{"line":38,"column":10},"end":{"line":38,"column":70}},"type":"binary-expr","locations":[{"start":{"line":38,"column":10},"end":{"line":38,"column":37}},{"start":{"line":38,"column":41},"end":{"line":38,"column":70}}],"line":38},"6":{"loc":{"start":{"line":42,"column":6},"end":{"line":44,"column":7}},"type":"if","locations":[{"start":{"line":42,"column":6},"end":{"line":44,"column":7}},{"start":{},"end":{}}],"line":42},"7":{"loc":{"start":{"line":42,"column":10},"end":{"line":42,"column":66}},"type":"binary-expr","locations":[{"start":{"line":42,"column":10},"end":{"line":42,"column":35}},{"start":{"line":42,"column":39},"end":{"line":42,"column":66}}],"line":42},"8":{"loc":{"start":{"line":46,"column":6},"end":{"line":48,"column":7}},"type":"if","locations":[{"start":{"line":46,"column":6},"end":{"line":48,"column":7}},{"start":{},"end":{}}],"line":46},"9":{"loc":{"start":{"line":46,"column":10},"end":{"line":46,"column":70}},"type":"binary-expr","locations":[{"start":{"line":46,"column":10},"end":{"line":46,"column":37}},{"start":{"line":46,"column":41},"end":{"line":46,"column":70}}],"line":46},"10":{"loc":{"start":{"line":53,"column":6},"end":{"line":55,"column":7}},"type":"if","locations":[{"start":{"line":53,"column":6},"end":{"line":55,"column":7}},{"start":{},"end":{}}],"line":53},"11":{"loc":{"start":{"line":58,"column":6},"end":{"line":60,"column":7}},"type":"if","locations":[{"start":{"line":58,"column":6},"end":{"line":60,"column":7}},{"start":{},"end":{}}],"line":58},"12":{"loc":{"start":{"line":69,"column":14},"end":{"line":69,"column":70}},"type":"binary-expr","locations":[{"start":{"line":69,"column":14},"end":{"line":69,"column":31}},{"start":{"line":69,"column":35},"end":{"line":69,"column":70}}],"line":69},"13":{"loc":{"start":{"line":82,"column":14},"end":{"line":82,"column":70}},"type":"binary-expr","locations":[{"start":{"line":82,"column":14},"end":{"line":82,"column":31}},{"start":{"line":82,"column":35},"end":{"line":82,"column":70}}],"line":82},"14":{"loc":{"start":{"line":100,"column":6},"end":{"line":102,"column":7}},"type":"if","locations":[{"start":{"line":100,"column":6},"end":{"line":102,"column":7}},{"start":{},"end":{}}],"line":100},"15":{"loc":{"start":{"line":100,"column":10},"end":{"line":100,"column":55}},"type":"binary-expr","locations":[{"start":{"line":100,"column":10},"end":{"line":100,"column":21}},{"start":{"line":100,"column":25},"end":{"line":100,"column":37}},{"start":{"line":100,"column":41},"end":{"line":100,"column":55}}],"line":100},"16":{"loc":{"start":{"line":117,"column":2},"end":{"line":119,"column":3}},"type":"if","locations":[{"start":{"line":117,"column":2},"end":{"line":119,"column":3}},{"start":{},"end":{}}],"line":117},"17":{"loc":{"start":{"line":124,"column":2},"end":{"line":124,"column":54}},"type":"if","locations":[{"start":{"line":124,"column":2},"end":{"line":124,"column":54}},{"start":{},"end":{}}],"line":124},"18":{"loc":{"start":{"line":169,"column":4},"end":{"line":169,"column":56}},"type":"if","locations":[{"start":{"line":169,"column":4},"end":{"line":169,"column":56}},{"start":{},"end":{}}],"line":169},"19":{"loc":{"start":{"line":171,"column":4},"end":{"line":177,"column":5}},"type":"if","locations":[{"start":{"line":171,"column":4},"end":{"line":177,"column":5}},{"start":{},"end":{}}],"line":171},"20":{"loc":{"start":{"line":172,"column":6},"end":{"line":174,"column":50}},"type":"binary-expr","locations":[{"start":{"line":172,"column":6},"end":{"line":172,"column":25}},{"start":{"line":173,"column":6},"end":{"line":173,"column":33}},{"start":{"line":174,"column":6},"end":{"line":174,"column":50}}],"line":172},"21":{"loc":{"start":{"line":190,"column":2},"end":{"line":192,"column":3}},"type":"if","locations":[{"start":{"line":190,"column":2},"end":{"line":192,"column":3}},{"start":{},"end":{}}],"line":190},"22":{"loc":{"start":{"line":196,"column":2},"end":{"line":196,"column":54}},"type":"if","locations":[{"start":{"line":196,"column":2},"end":{"line":196,"column":54}},{"start":{},"end":{}}],"line":196},"23":{"loc":{"start":{"line":201,"column":2},"end":{"line":201,"column":61}},"type":"if","locations":[{"start":{"line":201,"column":2},"end":{"line":201,"column":61}},{"start":{},"end":{}}],"line":201},"24":{"loc":{"start":{"line":203,"column":2},"end":{"line":205,"column":3}},"type":"if","locations":[{"start":{"line":203,"column":2},"end":{"line":205,"column":3}},{"start":{},"end":{}}],"line":203},"25":{"loc":{"start":{"line":207,"column":2},"end":{"line":209,"column":3}},"type":"if","locations":[{"start":{"line":207,"column":2},"end":{"line":209,"column":3}},{"start":{},"end":{}}],"line":207},"26":{"loc":{"start":{"line":222,"column":11},"end":{"line":222,"column":46}},"type":"binary-expr","locations":[{"start":{"line":222,"column":11},"end":{"line":222,"column":16}},{"start":{"line":222,"column":20},"end":{"line":222,"column":27}},{"start":{"line":222,"column":31},"end":{"line":222,"column":38}},{"start":{"line":222,"column":42},"end":{"line":222,"column":46}}],"line":222}},"s":{"0":0,"1":0,"2":0,"3":0,"4":0,"5":0,"6":0,"7":0,"8":0,"9":0,"10":0,"11":0,"12":0,"13":0,"14":0,"15":0,"16":0,"17":0,"18":0,"19":0,"20":0,"21":0,"22":0,"23":0,"24":0,"25":0,"26":0,"27":0,"28":0,"29":0,"30":0,"31":0,"32":0,"33":0,"34":0,"35":0,"36":0,"37":0,"38":0,"39":0,"40":0,"41":0,"42":0,"43":0,"44":0,"45":0,"46":0,"47":0,"48":0,"49":0,"50":0,"51":0,"52":0,"53":0,"54":0,"55":0,"56":0,"57":0,"58":0,"59":0,"60":0,"61":0,"62":0,"63":0,"64":0,"65":0,"66":0},"f":{"0":0,"1":0,"2":0,"3":0,"4":0,"5":0},"b":{"0":[0,0],"1":[0,0],"2":[0,0,0],"3":[0,0],"4":[0,0],"5":[0,0],"6":[0,0],"7":[0,0],"8":[0,0],"9":[0,0],"10":[0,0],"11":[0,0],"12":[0,0],"13":[0,0],"14":[0,0],"15":[0,0,0],"16":[0,0],"17":[0,0],"18":[0,0],"19":[0,0],"20":[0,0,0],"21":[0,0],"22":[0,0],"23":[0,0],"24":[0,0],"25":[0,0],"26":[0,0,0,0]}}
,"/home/matius/Escritorio/A-C-Soluciones-M-C/Backend/src/services/visita.services.js": {"path":"/home/matius/Escritorio/A-C-Soluciones-M-C/Backend/src/services/visita.services.js","statementMap":{"0":{"start":{"line":7,"column":4},"end":{"line":7,"column":51}},"1":{"start":{"line":8,"column":4},"end":{"line":8,"column":53}},"2":{"start":{"line":9,"column":4},"end":{"line":9,"column":57}},"3":{"start":{"line":13,"column":20},"end":{"line":13,"column":88}},"4":{"start":{"line":14,"column":4},"end":{"line":16,"column":5}},"5":{"start":{"line":15,"column":6},"end":{"line":15,"column":47}},"6":{"start":{"line":17,"column":22},"end":{"line":17,"column":87}},"7":{"start":{"line":18,"column":4},"end":{"line":20,"column":5}},"8":{"start":{"line":19,"column":6},"end":{"line":19,"column":49}},"9":{"start":{"line":21,"column":30},"end":{"line":25,"column":5}},"10":{"start":{"line":26,"column":4},"end":{"line":28,"column":5}},"11":{"start":{"line":27,"column":6},"end":{"line":27,"column":70}},"12":{"start":{"line":29,"column":19},"end":{"line":32,"column":6}},"13":{"start":{"line":33,"column":4},"end":{"line":33,"column":18}},"14":{"start":{"line":36,"column":4},"end":{"line":36,"column":56}},"15":{"start":{"line":39,"column":19},"end":{"line":39,"column":69}},"16":{"start":{"line":40,"column":4},"end":{"line":42,"column":5}},"17":{"start":{"line":41,"column":6},"end":{"line":41,"column":46}},"18":{"start":{"line":43,"column":4},"end":{"line":43,"column":18}},"19":{"start":{"line":45,"column":29},"end":{"line":47,"column":3}},"20":{"start":{"line":46,"column":4},"end":{"line":46,"column":73}},"21":{"start":{"line":49,"column":4},"end":{"line":49,"column":79}},"22":{"start":{"line":52,"column":19},"end":{"line":52,"column":69}},"23":{"start":{"line":53,"column":4},"end":{"line":55,"column":5}},"24":{"start":{"line":54,"column":6},"end":{"line":54,"column":46}},"25":{"start":{"line":56,"column":4},"end":{"line":58,"column":5}},"26":{"start":{"line":57,"column":6},"end":{"line":57,"column":81}},"27":{"start":{"line":59,"column":4},"end":{"line":59,"column":66}},"28":{"start":{"line":62,"column":19},"end":{"line":62,"column":69}},"29":{"start":{"line":63,"column":4},"end":{"line":65,"column":5}},"30":{"start":{"line":64,"column":6},"end":{"line":64,"column":46}},"31":{"start":{"line":66,"column":30},"end":{"line":69,"column":6}},"32":{"start":{"line":70,"column":4},"end":{"line":70,"column":29}},"33":{"start":{"line":73,"column":4},"end":{"line":73,"column":83}},"34":{"start":{"line":77,"column":4},"end":{"line":77,"column":78}},"35":{"start":{"line":80,"column":4},"end":{"line":80,"column":91}}},"fnMap":{"0":{"name":"(anonymous_0)","decl":{"start":{"line":6,"column":2},"end":{"line":6,"column":3}},"loc":{"start":{"line":6,"column":16},"end":{"line":10,"column":3}},"line":6},"1":{"name":"(anonymous_1)","decl":{"start":{"line":12,"column":2},"end":{"line":12,"column":3}},"loc":{"start":{"line":12,"column":26},"end":{"line":34,"column":3}},"line":12},"2":{"name":"(anonymous_2)","decl":{"start":{"line":35,"column":2},"end":{"line":35,"column":3}},"loc":{"start":{"line":35,"column":25},"end":{"line":37,"column":3}},"line":35},"3":{"name":"(anonymous_3)","decl":{"start":{"line":38,"column":2},"end":{"line":38,"column":3}},"loc":{"start":{"line":38,"column":31},"end":{"line":44,"column":3}},"line":38},"4":{"name":"(anonymous_4)","decl":{"start":{"line":45,"column":29},"end":{"line":45,"column":30}},"loc":{"start":{"line":45,"column":50},"end":{"line":47,"column":3}},"line":45},"5":{"name":"(anonymous_5)","decl":{"start":{"line":48,"column":2},"end":{"line":48,"column":3}},"loc":{"start":{"line":48,"column":48},"end":{"line":50,"column":3}},"line":48},"6":{"name":"(anonymous_6)","decl":{"start":{"line":51,"column":2},"end":{"line":51,"column":3}},"loc":{"start":{"line":51,"column":35},"end":{"line":60,"column":3}},"line":51},"7":{"name":"(anonymous_7)","decl":{"start":{"line":61,"column":2},"end":{"line":61,"column":3}},"loc":{"start":{"line":61,"column":35},"end":{"line":71,"column":3}},"line":61},"8":{"name":"(anonymous_8)","decl":{"start":{"line":72,"column":2},"end":{"line":72,"column":3}},"loc":{"start":{"line":72,"column":52},"end":{"line":74,"column":3}},"line":72},"9":{"name":"(anonymous_9)","decl":{"start":{"line":76,"column":2},"end":{"line":76,"column":3}},"loc":{"start":{"line":76,"column":47},"end":{"line":78,"column":3}},"line":76},"10":{"name":"(anonymous_10)","decl":{"start":{"line":79,"column":2},"end":{"line":79,"column":3}},"loc":{"start":{"line":79,"column":60},"end":{"line":81,"column":3}},"line":79}},"branchMap":{"0":{"loc":{"start":{"line":14,"column":4},"end":{"line":16,"column":5}},"type":"if","locations":[{"start":{"line":14,"column":4},"end":{"line":16,"column":5}},{"start":{},"end":{}}],"line":14},"1":{"loc":{"start":{"line":18,"column":4},"end":{"line":20,"column":5}},"type":"if","locations":[{"start":{"line":18,"column":4},"end":{"line":20,"column":5}},{"start":{},"end":{}}],"line":18},"2":{"loc":{"start":{"line":26,"column":4},"end":{"line":28,"column":5}},"type":"if","locations":[{"start":{"line":26,"column":4},"end":{"line":28,"column":5}},{"start":{},"end":{}}],"line":26},"3":{"loc":{"start":{"line":40,"column":4},"end":{"line":42,"column":5}},"type":"if","locations":[{"start":{"line":40,"column":4},"end":{"line":42,"column":5}},{"start":{},"end":{}}],"line":40},"4":{"loc":{"start":{"line":53,"column":4},"end":{"line":55,"column":5}},"type":"if","locations":[{"start":{"line":53,"column":4},"end":{"line":55,"column":5}},{"start":{},"end":{}}],"line":53},"5":{"loc":{"start":{"line":56,"column":4},"end":{"line":58,"column":5}},"type":"if","locations":[{"start":{"line":56,"column":4},"end":{"line":58,"column":5}},{"start":{},"end":{}}],"line":56},"6":{"loc":{"start":{"line":56,"column":8},"end":{"line":56,"column":71}},"type":"binary-expr","locations":[{"start":{"line":56,"column":8},"end":{"line":56,"column":38}},{"start":{"line":56,"column":42},"end":{"line":56,"column":71}}],"line":56},"7":{"loc":{"start":{"line":63,"column":4},"end":{"line":65,"column":5}},"type":"if","locations":[{"start":{"line":63,"column":4},"end":{"line":65,"column":5}},{"start":{},"end":{}}],"line":63}},"s":{"0":0,"1":0,"2":0,"3":0,"4":0,"5":0,"6":0,"7":0,"8":0,"9":0,"10":0,"11":0,"12":0,"13":0,"14":0,"15":0,"16":0,"17":0,"18":0,"19":0,"20":0,"21":0,"22":0,"23":0,"24":0,"25":0,"26":0,"27":0,"28":0,"29":0,"30":0,"31":0,"32":0,"33":0,"34":0,"35":0},"f":{"0":0,"1":0,"2":0,"3":0,"4":0,"5":0,"6":0,"7":0,"8":0,"9":0,"10":0},"b":{"0":[0,0],"1":[0,0],"2":[0,0],"3":[0,0],"4":[0,0],"5":[0,0],"6":[0,0],"7":[0,0]}}
}
